{"/home/berkay/Documents/Projects/daily-habits-final/src/theme.js": {"path":"/home/berkay/Documents/Projects/daily-habits-final/src/theme.js","statementMap":{"0":{"start":{"line":5,"column":18},"end":{"line":53,"column":1}},"1":{"start":{"line":56,"column":26},"end":{"line":136,"column":1}},"2":{"start":{"line":139,"column":25},"end":{"line":219,"column":1}},"3":{"start":{"line":222,"column":21},"end":{"line":222,"column":31}},"4":{"start":{"line":225,"column":34},"end":{"line":225,"column":84}},"5":{"start":{"line":225,"column":53},"end":{"line":225,"column":84}},"6":{"start":{"line":225,"column":64},"end":{"line":225,"column":84}},"7":{"start":{"line":227,"column":29},"end":{"line":240,"column":1}},"8":{"start":{"line":228,"column":15},"end":{"line":228,"column":35}},"9":{"start":{"line":229,"column":14},"end":{"line":229,"column":26}},"10":{"start":{"line":231,"column":2},"end":{"line":237,"column":3}},"11":{"start":{"line":232,"column":4},"end":{"line":236,"column":5}},"12":{"start":{"line":233,"column":6},"end":{"line":233,"column":25}},"13":{"start":{"line":235,"column":6},"end":{"line":235,"column":22}},"14":{"start":{"line":239,"column":2},"end":{"line":239,"column":15}},"15":{"start":{"line":242,"column":33},"end":{"line":254,"column":1}},"16":{"start":{"line":243,"column":23},"end":{"line":243,"column":92}},"17":{"start":{"line":246,"column":2},"end":{"line":251,"column":3}},"18":{"start":{"line":247,"column":71},"end":{"line":247,"column":83}},"19":{"start":{"line":248,"column":4},"end":{"line":250,"column":6}},"20":{"start":{"line":253,"column":2},"end":{"line":253,"column":22}}},"fnMap":{"0":{"name":"(anonymous_0)","decl":{"start":{"line":225,"column":34},"end":{"line":225,"column":35}},"loc":{"start":{"line":225,"column":53},"end":{"line":225,"column":84}},"line":225},"1":{"name":"(anonymous_1)","decl":{"start":{"line":225,"column":53},"end":{"line":225,"column":54}},"loc":{"start":{"line":225,"column":64},"end":{"line":225,"column":84}},"line":225},"2":{"name":"(anonymous_2)","decl":{"start":{"line":227,"column":29},"end":{"line":227,"column":30}},"loc":{"start":{"line":227,"column":73},"end":{"line":240,"column":1}},"line":227},"3":{"name":"(anonymous_3)","decl":{"start":{"line":242,"column":33},"end":{"line":242,"column":34}},"loc":{"start":{"line":242,"column":66},"end":{"line":254,"column":1}},"line":242}},"branchMap":{"0":{"loc":{"start":{"line":227,"column":48},"end":{"line":227,"column":68}},"type":"default-arg","locations":[{"start":{"line":227,"column":59},"end":{"line":227,"column":68}}],"line":227},"1":{"loc":{"start":{"line":232,"column":4},"end":{"line":236,"column":5}},"type":"if","locations":[{"start":{"line":232,"column":4},"end":{"line":236,"column":5}},{"start":{"line":234,"column":11},"end":{"line":236,"column":5}}],"line":232},"2":{"loc":{"start":{"line":232,"column":8},"end":{"line":232,"column":27}},"type":"binary-expr","locations":[{"start":{"line":232,"column":8},"end":{"line":232,"column":13}},{"start":{"line":232,"column":17},"end":{"line":232,"column":27}}],"line":232},"3":{"loc":{"start":{"line":242,"column":41},"end":{"line":242,"column":61}},"type":"default-arg","locations":[{"start":{"line":242,"column":54},"end":{"line":242,"column":61}}],"line":242},"4":{"loc":{"start":{"line":243,"column":23},"end":{"line":243,"column":92}},"type":"binary-expr","locations":[{"start":{"line":243,"column":23},"end":{"line":243,"column":55}},{"start":{"line":243,"column":59},"end":{"line":243,"column":86}},{"start":{"line":243,"column":90},"end":{"line":243,"column":92}}],"line":243},"5":{"loc":{"start":{"line":246,"column":2},"end":{"line":251,"column":3}},"type":"if","locations":[{"start":{"line":246,"column":2},"end":{"line":251,"column":3}},{"start":{},"end":{}}],"line":246},"6":{"loc":{"start":{"line":249,"column":20},"end":{"line":249,"column":44}},"type":"binary-expr","locations":[{"start":{"line":249,"column":20},"end":{"line":249,"column":39}},{"start":{"line":249,"column":43},"end":{"line":249,"column":44}}],"line":249},"7":{"loc":{"start":{"line":249,"column":50},"end":{"line":249,"column":75}},"type":"binary-expr","locations":[{"start":{"line":249,"column":50},"end":{"line":249,"column":70}},{"start":{"line":249,"column":74},"end":{"line":249,"column":75}}],"line":249},"8":{"loc":{"start":{"line":249,"column":81},"end":{"line":249,"column":98}},"type":"binary-expr","locations":[{"start":{"line":249,"column":81},"end":{"line":249,"column":93}},{"start":{"line":249,"column":97},"end":{"line":249,"column":98}}],"line":249},"9":{"loc":{"start":{"line":249,"column":104},"end":{"line":249,"column":128}},"type":"binary-expr","locations":[{"start":{"line":249,"column":104},"end":{"line":249,"column":115}},{"start":{"line":249,"column":119},"end":{"line":249,"column":128}}],"line":249},"10":{"loc":{"start":{"line":249,"column":143},"end":{"line":249,"column":188}},"type":"binary-expr","locations":[{"start":{"line":249,"column":143},"end":{"line":249,"column":156}},{"start":{"line":249,"column":160},"end":{"line":249,"column":188}}],"line":249}},"s":{"0":0,"1":0,"2":0,"3":0,"4":0,"5":0,"6":0,"7":0,"8":0,"9":0,"10":0,"11":0,"12":0,"13":0,"14":0,"15":0,"16":0,"17":0,"18":0,"19":0,"20":0},"f":{"0":0,"1":0,"2":0,"3":0},"b":{"0":[0],"1":[0,0],"2":[0,0],"3":[0],"4":[0,0,0],"5":[0,0],"6":[0,0],"7":[0,0],"8":[0,0],"9":[0,0],"10":[0,0]}}
,"/home/berkay/Documents/Projects/daily-habits-final/src/components/AppNavigator.js": {"path":"/home/berkay/Documents/Projects/daily-habits-final/src/components/AppNavigator.js","statementMap":{"0":{"start":{"line":16,"column":14},"end":{"line":16,"column":42}},"1":{"start":{"line":17,"column":12},"end":{"line":17,"column":38}},"2":{"start":{"line":19,"column":21},"end":{"line":56,"column":1}},"3":{"start":{"line":20,"column":20},"end":{"line":20,"column":30}},"4":{"start":{"line":22,"column":2},"end":{"line":55,"column":4}},"5":{"start":{"line":24,"column":37},"end":{"line":37,"column":7}},"6":{"start":{"line":26,"column":29},"end":{"line":26,"column":50}},"7":{"start":{"line":27,"column":27},"end":{"line":27,"column":78}},"8":{"start":{"line":28,"column":10},"end":{"line":28,"column":72}},"9":{"start":{"line":58,"column":21},"end":{"line":123,"column":1}},"10":{"start":{"line":59,"column":32},"end":{"line":59,"column":42}},"11":{"start":{"line":61,"column":2},"end":{"line":122,"column":4}}},"fnMap":{"0":{"name":"(anonymous_0)","decl":{"start":{"line":19,"column":21},"end":{"line":19,"column":22}},"loc":{"start":{"line":19,"column":27},"end":{"line":56,"column":1}},"line":19},"1":{"name":"(anonymous_1)","decl":{"start":{"line":24,"column":21},"end":{"line":24,"column":22}},"loc":{"start":{"line":24,"column":37},"end":{"line":37,"column":7}},"line":24},"2":{"name":"(anonymous_2)","decl":{"start":{"line":25,"column":20},"end":{"line":25,"column":21}},"loc":{"start":{"line":25,"column":50},"end":{"line":29,"column":9}},"line":25},"3":{"name":"(anonymous_3)","decl":{"start":{"line":58,"column":21},"end":{"line":58,"column":22}},"loc":{"start":{"line":58,"column":27},"end":{"line":123,"column":1}},"line":58}},"branchMap":{"0":{"loc":{"start":{"line":27,"column":27},"end":{"line":27,"column":78}},"type":"cond-expr","locations":[{"start":{"line":27,"column":37},"end":{"line":27,"column":55}},{"start":{"line":27,"column":58},"end":{"line":27,"column":78}}],"line":27}},"s":{"0":0,"1":0,"2":0,"3":0,"4":0,"5":0,"6":0,"7":0,"8":0,"9":0,"10":0,"11":0},"f":{"0":0,"1":0,"2":0,"3":0},"b":{"0":[0,0]}}
,"/home/berkay/Documents/Projects/daily-habits-final/src/components/CustomButton.js": {"path":"/home/berkay/Documents/Projects/daily-habits-final/src/components/CustomButton.js","statementMap":{"0":{"start":{"line":7,"column":21},"end":{"line":101,"column":1}},"1":{"start":{"line":15,"column":20},"end":{"line":15,"column":30}},"2":{"start":{"line":17,"column":25},"end":{"line":47,"column":3}},"3":{"start":{"line":18,"column":22},"end":{"line":21,"column":5}},"4":{"start":{"line":23,"column":4},"end":{"line":46,"column":5}},"5":{"start":{"line":25,"column":8},"end":{"line":28,"column":10}},"6":{"start":{"line":30,"column":8},"end":{"line":35,"column":10}},"7":{"start":{"line":37,"column":8},"end":{"line":40,"column":10}},"8":{"start":{"line":42,"column":8},"end":{"line":45,"column":10}},"9":{"start":{"line":49,"column":23},"end":{"line":68,"column":3}},"10":{"start":{"line":50,"column":4},"end":{"line":67,"column":5}},"11":{"start":{"line":53,"column":8},"end":{"line":56,"column":10}},"12":{"start":{"line":58,"column":8},"end":{"line":61,"column":10}},"13":{"start":{"line":63,"column":8},"end":{"line":66,"column":10}},"14":{"start":{"line":70,"column":22},"end":{"line":74,"column":3}},"15":{"start":{"line":71,"column":4},"end":{"line":73,"column":5}},"16":{"start":{"line":72,"column":6},"end":{"line":72,"column":16}},"17":{"start":{"line":76,"column":2},"end":{"line":100,"column":4}},"18":{"start":{"line":103,"column":15},"end":{"line":116,"column":2}}},"fnMap":{"0":{"name":"(anonymous_0)","decl":{"start":{"line":7,"column":21},"end":{"line":7,"column":22}},"loc":{"start":{"line":14,"column":6},"end":{"line":101,"column":1}},"line":14},"1":{"name":"(anonymous_1)","decl":{"start":{"line":17,"column":25},"end":{"line":17,"column":26}},"loc":{"start":{"line":17,"column":31},"end":{"line":47,"column":3}},"line":17},"2":{"name":"(anonymous_2)","decl":{"start":{"line":49,"column":23},"end":{"line":49,"column":24}},"loc":{"start":{"line":49,"column":29},"end":{"line":68,"column":3}},"line":49},"3":{"name":"(anonymous_3)","decl":{"start":{"line":70,"column":22},"end":{"line":70,"column":23}},"loc":{"start":{"line":70,"column":28},"end":{"line":74,"column":3}},"line":70}},"branchMap":{"0":{"loc":{"start":{"line":10,"column":2},"end":{"line":10,"column":21}},"type":"default-arg","locations":[{"start":{"line":10,"column":12},"end":{"line":10,"column":21}}],"line":10},"1":{"loc":{"start":{"line":11,"column":2},"end":{"line":11,"column":18}},"type":"default-arg","locations":[{"start":{"line":11,"column":13},"end":{"line":11,"column":18}}],"line":11},"2":{"loc":{"start":{"line":23,"column":4},"end":{"line":46,"column":5}},"type":"switch","locations":[{"start":{"line":24,"column":6},"end":{"line":28,"column":10}},{"start":{"line":29,"column":6},"end":{"line":35,"column":10}},{"start":{"line":36,"column":6},"end":{"line":40,"column":10}},{"start":{"line":41,"column":6},"end":{"line":45,"column":10}}],"line":23},"3":{"loc":{"start":{"line":50,"column":4},"end":{"line":67,"column":5}},"type":"switch","locations":[{"start":{"line":51,"column":6},"end":{"line":51,"column":21}},{"start":{"line":52,"column":6},"end":{"line":56,"column":10}},{"start":{"line":57,"column":6},"end":{"line":61,"column":10}},{"start":{"line":62,"column":6},"end":{"line":66,"column":10}}],"line":50},"4":{"loc":{"start":{"line":71,"column":4},"end":{"line":73,"column":5}},"type":"if","locations":[{"start":{"line":71,"column":4},"end":{"line":73,"column":5}},{"start":{},"end":{}}],"line":71},"5":{"loc":{"start":{"line":71,"column":8},"end":{"line":71,"column":28}},"type":"binary-expr","locations":[{"start":{"line":71,"column":8},"end":{"line":71,"column":17}},{"start":{"line":71,"column":21},"end":{"line":71,"column":28}}],"line":71},"6":{"loc":{"start":{"line":80,"column":8},"end":{"line":83,"column":9}},"type":"binary-expr","locations":[{"start":{"line":80,"column":8},"end":{"line":80,"column":16}},{"start":{"line":80,"column":20},"end":{"line":83,"column":9}}],"line":80},"7":{"loc":{"start":{"line":91,"column":8},"end":{"line":94,"column":9}},"type":"binary-expr","locations":[{"start":{"line":91,"column":8},"end":{"line":91,"column":16}},{"start":{"line":91,"column":20},"end":{"line":94,"column":9}}],"line":91}},"s":{"0":1,"1":10,"2":10,"3":10,"4":10,"5":7,"6":1,"7":1,"8":1,"9":10,"10":10,"11":8,"12":1,"13":1,"14":10,"15":2,"16":1,"17":10,"18":1},"f":{"0":10,"1":10,"2":10,"3":2},"b":{"0":[7],"1":[8],"2":[7,1,1,1],"3":[7,8,1,1],"4":[1,1],"5":[2,1],"6":[10,2],"7":[10,2]},"_coverageSchema":"1a1c01bbd47fc00a2c39e90264f33305004495a9","hash":"79a53a2ac3dc5e39e2e798cde494b1ccf4ed1e9c"}
,"/home/berkay/Documents/Projects/daily-habits-final/src/components/CustomInput.js": {"path":"/home/berkay/Documents/Projects/daily-habits-final/src/components/CustomInput.js","statementMap":{"0":{"start":{"line":6,"column":20},"end":{"line":47,"column":1}},"1":{"start":{"line":15,"column":20},"end":{"line":15,"column":30}},"2":{"start":{"line":17,"column":2},"end":{"line":46,"column":4}},"3":{"start":{"line":49,"column":15},"end":{"line":67,"column":2}}},"fnMap":{"0":{"name":"(anonymous_0)","decl":{"start":{"line":6,"column":20},"end":{"line":6,"column":21}},"loc":{"start":{"line":14,"column":6},"end":{"line":47,"column":1}},"line":14}},"branchMap":{"0":{"loc":{"start":{"line":19,"column":7},"end":{"line":23,"column":7}},"type":"binary-expr","locations":[{"start":{"line":19,"column":7},"end":{"line":19,"column":12}},{"start":{"line":20,"column":8},"end":{"line":22,"column":15}}],"line":19},"1":{"loc":{"start":{"line":28,"column":25},"end":{"line":28,"column":83}},"type":"cond-expr","locations":[{"start":{"line":28,"column":33},"end":{"line":28,"column":56}},{"start":{"line":28,"column":59},"end":{"line":28,"column":83}}],"line":28},"2":{"loc":{"start":{"line":40,"column":7},"end":{"line":44,"column":7}},"type":"binary-expr","locations":[{"start":{"line":40,"column":7},"end":{"line":40,"column":12}},{"start":{"line":41,"column":8},"end":{"line":43,"column":15}}],"line":40}},"s":{"0":0,"1":0,"2":0,"3":0},"f":{"0":0},"b":{"0":[0,0],"1":[0,0],"2":[0,0]}}
,"/home/berkay/Documents/Projects/daily-habits-final/src/components/ErrorScreen.js": {"path":"/home/berkay/Documents/Projects/daily-habits-final/src/components/ErrorScreen.js","statementMap":{"0":{"start":{"line":6,"column":33},"end":{"line":20,"column":1}},"1":{"start":{"line":7,"column":2},"end":{"line":19,"column":9}},"2":{"start":{"line":22,"column":20},"end":{"line":24,"column":1}},"3":{"start":{"line":23,"column":2},"end":{"line":23,"column":51}},"4":{"start":{"line":26,"column":15},"end":{"line":55,"column":2}}},"fnMap":{"0":{"name":"(anonymous_0)","decl":{"start":{"line":6,"column":33},"end":{"line":6,"column":34}},"loc":{"start":{"line":7,"column":2},"end":{"line":19,"column":9}},"line":7},"1":{"name":"(anonymous_1)","decl":{"start":{"line":22,"column":20},"end":{"line":22,"column":21}},"loc":{"start":{"line":23,"column":2},"end":{"line":23,"column":51}},"line":23}},"branchMap":{"0":{"loc":{"start":{"line":12,"column":7},"end":{"line":12,"column":46}},"type":"binary-expr","locations":[{"start":{"line":12,"column":7},"end":{"line":12,"column":12}},{"start":{"line":12,"column":16},"end":{"line":12,"column":46}}],"line":12}},"s":{"0":0,"1":0,"2":0,"3":0,"4":0},"f":{"0":0,"1":0},"b":{"0":[0,0]}}
,"/home/berkay/Documents/Projects/daily-habits-final/src/components/HabitItem.js": {"path":"/home/berkay/Documents/Projects/daily-habits-final/src/components/HabitItem.js","statementMap":{"0":{"start":{"line":16,"column":18},"end":{"line":185,"column":1}},"1":{"start":{"line":17,"column":19},"end":{"line":17,"column":32}},"2":{"start":{"line":18,"column":20},"end":{"line":18,"column":30}},"3":{"start":{"line":19,"column":50},"end":{"line":19,"column":65}},"4":{"start":{"line":20,"column":38},"end":{"line":20,"column":53}},"5":{"start":{"line":22,"column":16},"end":{"line":22,"column":54}},"6":{"start":{"line":23,"column":27},"end":{"line":23,"column":73}},"7":{"start":{"line":25,"column":28},"end":{"line":30,"column":76}},"8":{"start":{"line":25,"column":43},"end":{"line":30,"column":3}},"9":{"start":{"line":32,"column":31},"end":{"line":34,"column":3}},"10":{"start":{"line":33,"column":4},"end":{"line":33,"column":37}},"11":{"start":{"line":36,"column":2},"end":{"line":47,"column":51}},"12":{"start":{"line":37,"column":31},"end":{"line":44,"column":5}},"13":{"start":{"line":38,"column":6},"end":{"line":43,"column":7}},"14":{"start":{"line":39,"column":29},"end":{"line":39,"column":82}},"15":{"start":{"line":40,"column":8},"end":{"line":40,"column":42}},"16":{"start":{"line":42,"column":8},"end":{"line":42,"column":70}},"17":{"start":{"line":46,"column":4},"end":{"line":46,"column":25}},"18":{"start":{"line":49,"column":23},"end":{"line":51,"column":3}},"19":{"start":{"line":50,"column":4},"end":{"line":50,"column":72}},"20":{"start":{"line":53,"column":23},"end":{"line":61,"column":3}},"21":{"start":{"line":54,"column":4},"end":{"line":54,"column":24}},"22":{"start":{"line":55,"column":4},"end":{"line":60,"column":5}},"23":{"start":{"line":56,"column":6},"end":{"line":56,"column":70}},"24":{"start":{"line":58,"column":6},"end":{"line":58,"column":54}},"25":{"start":{"line":59,"column":6},"end":{"line":59,"column":27}},"26":{"start":{"line":63,"column":31},"end":{"line":65,"column":3}},"27":{"start":{"line":64,"column":4},"end":{"line":64,"column":39}},"28":{"start":{"line":67,"column":21},"end":{"line":71,"column":3}},"29":{"start":{"line":68,"column":4},"end":{"line":70,"column":5}},"30":{"start":{"line":69,"column":6},"end":{"line":69,"column":20}},"31":{"start":{"line":73,"column":33},"end":{"line":79,"column":3}},"32":{"start":{"line":74,"column":4},"end":{"line":74,"column":53}},"33":{"start":{"line":74,"column":43},"end":{"line":74,"column":53}},"34":{"start":{"line":75,"column":29},"end":{"line":75,"column":44}},"35":{"start":{"line":76,"column":19},"end":{"line":76,"column":45}},"36":{"start":{"line":77,"column":17},"end":{"line":77,"column":52}},"37":{"start":{"line":78,"column":4},"end":{"line":78,"column":42}},"38":{"start":{"line":81,"column":2},"end":{"line":184,"column":4}},"39":{"start":{"line":187,"column":15},"end":{"line":259,"column":2}}},"fnMap":{"0":{"name":"(anonymous_0)","decl":{"start":{"line":16,"column":18},"end":{"line":16,"column":19}},"loc":{"start":{"line":16,"column":41},"end":{"line":185,"column":1}},"line":16},"1":{"name":"(anonymous_1)","decl":{"start":{"line":25,"column":36},"end":{"line":25,"column":37}},"loc":{"start":{"line":25,"column":43},"end":{"line":30,"column":3}},"line":25},"2":{"name":"(anonymous_2)","decl":{"start":{"line":32,"column":39},"end":{"line":32,"column":40}},"loc":{"start":{"line":33,"column":4},"end":{"line":33,"column":37}},"line":33},"3":{"name":"(anonymous_3)","decl":{"start":{"line":36,"column":12},"end":{"line":36,"column":13}},"loc":{"start":{"line":36,"column":18},"end":{"line":47,"column":3}},"line":36},"4":{"name":"(anonymous_4)","decl":{"start":{"line":37,"column":31},"end":{"line":37,"column":32}},"loc":{"start":{"line":37,"column":43},"end":{"line":44,"column":5}},"line":37},"5":{"name":"(anonymous_5)","decl":{"start":{"line":49,"column":23},"end":{"line":49,"column":24}},"loc":{"start":{"line":49,"column":29},"end":{"line":51,"column":3}},"line":49},"6":{"name":"(anonymous_6)","decl":{"start":{"line":53,"column":23},"end":{"line":53,"column":24}},"loc":{"start":{"line":53,"column":35},"end":{"line":61,"column":3}},"line":53},"7":{"name":"(anonymous_7)","decl":{"start":{"line":63,"column":31},"end":{"line":63,"column":32}},"loc":{"start":{"line":63,"column":37},"end":{"line":65,"column":3}},"line":63},"8":{"name":"(anonymous_8)","decl":{"start":{"line":67,"column":21},"end":{"line":67,"column":22}},"loc":{"start":{"line":67,"column":27},"end":{"line":71,"column":3}},"line":67},"9":{"name":"(anonymous_9)","decl":{"start":{"line":73,"column":33},"end":{"line":73,"column":34}},"loc":{"start":{"line":73,"column":43},"end":{"line":79,"column":3}},"line":73}},"branchMap":{"0":{"loc":{"start":{"line":23,"column":27},"end":{"line":23,"column":73}},"type":"binary-expr","locations":[{"start":{"line":23,"column":27},"end":{"line":23,"column":64}},{"start":{"line":23,"column":68},"end":{"line":23,"column":73}}],"line":23},"1":{"loc":{"start":{"line":68,"column":4},"end":{"line":70,"column":5}},"type":"if","locations":[{"start":{"line":68,"column":4},"end":{"line":70,"column":5}},{"start":{},"end":{}}],"line":68},"2":{"loc":{"start":{"line":74,"column":4},"end":{"line":74,"column":53}},"type":"if","locations":[{"start":{"line":74,"column":4},"end":{"line":74,"column":53}},{"start":{},"end":{}}],"line":74},"3":{"loc":{"start":{"line":74,"column":8},"end":{"line":74,"column":41}},"type":"binary-expr","locations":[{"start":{"line":74,"column":8},"end":{"line":74,"column":13}},{"start":{"line":74,"column":17},"end":{"line":74,"column":41}}],"line":74},"4":{"loc":{"start":{"line":76,"column":19},"end":{"line":76,"column":45}},"type":"binary-expr","locations":[{"start":{"line":76,"column":19},"end":{"line":76,"column":39}},{"start":{"line":76,"column":43},"end":{"line":76,"column":45}}],"line":76},"5":{"loc":{"start":{"line":77,"column":17},"end":{"line":77,"column":52}},"type":"cond-expr","locations":[{"start":{"line":77,"column":41},"end":{"line":77,"column":45}},{"start":{"line":77,"column":48},"end":{"line":77,"column":52}}],"line":77},"6":{"loc":{"start":{"line":86,"column":6},"end":{"line":86,"column":44}},"type":"binary-expr","locations":[{"start":{"line":86,"column":6},"end":{"line":86,"column":16}},{"start":{"line":86,"column":20},"end":{"line":86,"column":44}}],"line":86},"7":{"loc":{"start":{"line":94,"column":29},"end":{"line":94,"column":101}},"type":"cond-expr","locations":[{"start":{"line":94,"column":48},"end":{"line":94,"column":74}},{"start":{"line":94,"column":77},"end":{"line":94,"column":101}}],"line":94},"8":{"loc":{"start":{"line":100,"column":9},"end":{"line":106,"column":9}},"type":"binary-expr","locations":[{"start":{"line":100,"column":9},"end":{"line":100,"column":25}},{"start":{"line":101,"column":10},"end":{"line":105,"column":12}}],"line":100},"9":{"loc":{"start":{"line":117,"column":20},"end":{"line":117,"column":76}},"type":"cond-expr","locations":[{"start":{"line":117,"column":39},"end":{"line":117,"column":54}},{"start":{"line":117,"column":57},"end":{"line":117,"column":76}}],"line":117},"10":{"loc":{"start":{"line":119,"column":21},"end":{"line":119,"column":89}},"type":"cond-expr","locations":[{"start":{"line":119,"column":40},"end":{"line":119,"column":60}},{"start":{"line":119,"column":63},"end":{"line":119,"column":89}}],"line":119},"11":{"loc":{"start":{"line":126,"column":21},"end":{"line":126,"column":38}},"type":"binary-expr","locations":[{"start":{"line":126,"column":21},"end":{"line":126,"column":33}},{"start":{"line":126,"column":37},"end":{"line":126,"column":38}}],"line":126},"12":{"loc":{"start":{"line":131,"column":22},"end":{"line":131,"column":54}},"type":"binary-expr","locations":[{"start":{"line":131,"column":22},"end":{"line":131,"column":40}},{"start":{"line":131,"column":44},"end":{"line":131,"column":54}}],"line":131},"13":{"loc":{"start":{"line":132,"column":43},"end":{"line":132,"column":97}},"type":"binary-expr","locations":[{"start":{"line":132,"column":44},"end":{"line":132,"column":57}},{"start":{"line":132,"column":61},"end":{"line":132,"column":71}},{"start":{"line":132,"column":76},"end":{"line":132,"column":97}}],"line":132},"14":{"loc":{"start":{"line":137,"column":21},"end":{"line":137,"column":104}},"type":"cond-expr","locations":[{"start":{"line":137,"column":55},"end":{"line":137,"column":75}},{"start":{"line":137,"column":78},"end":{"line":137,"column":104}}],"line":137},"15":{"loc":{"start":{"line":137,"column":21},"end":{"line":137,"column":52}},"type":"binary-expr","locations":[{"start":{"line":137,"column":21},"end":{"line":137,"column":37}},{"start":{"line":137,"column":41},"end":{"line":137,"column":52}}],"line":137},"16":{"loc":{"start":{"line":144,"column":13},"end":{"line":144,"column":64}},"type":"binary-expr","locations":[{"start":{"line":144,"column":13},"end":{"line":144,"column":51}},{"start":{"line":144,"column":55},"end":{"line":144,"column":64}}],"line":144},"17":{"loc":{"start":{"line":146,"column":11},"end":{"line":150,"column":11}},"type":"binary-expr","locations":[{"start":{"line":146,"column":11},"end":{"line":146,"column":33}},{"start":{"line":147,"column":12},"end":{"line":149,"column":19}}],"line":146},"18":{"loc":{"start":{"line":155,"column":9},"end":{"line":168,"column":9}},"type":"binary-expr","locations":[{"start":{"line":155,"column":9},"end":{"line":155,"column":15}},{"start":{"line":156,"column":10},"end":{"line":167,"column":29}}],"line":155},"19":{"loc":{"start":{"line":165,"column":21},"end":{"line":165,"column":83}},"type":"cond-expr","locations":[{"start":{"line":165,"column":34},"end":{"line":165,"column":60}},{"start":{"line":165,"column":63},"end":{"line":165,"column":83}}],"line":165},"20":{"loc":{"start":{"line":177,"column":18},"end":{"line":177,"column":52}},"type":"cond-expr","locations":[{"start":{"line":177,"column":31},"end":{"line":177,"column":42}},{"start":{"line":177,"column":45},"end":{"line":177,"column":52}}],"line":177},"21":{"loc":{"start":{"line":179,"column":19},"end":{"line":179,"column":79}},"type":"cond-expr","locations":[{"start":{"line":179,"column":32},"end":{"line":179,"column":58}},{"start":{"line":179,"column":61},"end":{"line":179,"column":79}}],"line":179}},"s":{"0":1,"1":10,"2":10,"3":10,"4":10,"5":10,"6":10,"7":10,"8":8,"9":10,"10":8,"11":10,"12":8,"13":8,"14":8,"15":8,"16":0,"17":8,"18":10,"19":1,"20":10,"21":1,"22":1,"23":1,"24":0,"25":0,"26":10,"27":1,"28":10,"29":0,"30":0,"31":10,"32":4,"33":0,"34":4,"35":4,"36":4,"37":4,"38":10,"39":1},"f":{"0":10,"1":8,"2":8,"3":8,"4":8,"5":1,"6":1,"7":1,"8":0,"9":4},"b":{"0":[10,9],"1":[0,0],"2":[0,4],"3":[4,4],"4":[4,0],"5":[0,4],"6":[10,2],"7":[1,9],"8":[10,1],"9":[0,10],"10":[0,10],"11":[10,1],"12":[10,9],"13":[10,9,3],"14":[7,3],"15":[10,9],"16":[10,1],"17":[10,4],"18":[10,0],"19":[0,0],"20":[2,8],"21":[2,8]},"_coverageSchema":"1a1c01bbd47fc00a2c39e90264f33305004495a9","hash":"8cd493731245d8fb2fcb4249fe7a5787a7973dc5"}
,"/home/berkay/Documents/Projects/daily-habits-final/src/components/LoadingScreen.js": {"path":"/home/berkay/Documents/Projects/daily-habits-final/src/components/LoadingScreen.js","statementMap":{"0":{"start":{"line":6,"column":22},"end":{"line":14,"column":1}},"1":{"start":{"line":7,"column":20},"end":{"line":7,"column":30}},"2":{"start":{"line":9,"column":2},"end":{"line":13,"column":4}},"3":{"start":{"line":16,"column":15},"end":{"line":22,"column":2}}},"fnMap":{"0":{"name":"(anonymous_0)","decl":{"start":{"line":6,"column":22},"end":{"line":6,"column":23}},"loc":{"start":{"line":6,"column":28},"end":{"line":14,"column":1}},"line":6}},"branchMap":{},"s":{"0":0,"1":0,"2":0,"3":0},"f":{"0":0},"b":{}}
,"/home/berkay/Documents/Projects/daily-habits-final/src/components/NetworkStatusIndicator.js": {"path":"/home/berkay/Documents/Projects/daily-habits-final/src/components/NetworkStatusIndicator.js","statementMap":{"0":{"start":{"line":7,"column":31},"end":{"line":24,"column":1}},"1":{"start":{"line":8,"column":20},"end":{"line":8,"column":30}},"2":{"start":{"line":10,"column":2},"end":{"line":12,"column":3}},"3":{"start":{"line":11,"column":4},"end":{"line":11,"column":16}},"4":{"start":{"line":14,"column":2},"end":{"line":23,"column":4}},"5":{"start":{"line":26,"column":15},"end":{"line":36,"column":2}}},"fnMap":{"0":{"name":"(anonymous_0)","decl":{"start":{"line":7,"column":31},"end":{"line":7,"column":32}},"loc":{"start":{"line":7,"column":52},"end":{"line":24,"column":1}},"line":7}},"branchMap":{"0":{"loc":{"start":{"line":10,"column":2},"end":{"line":12,"column":3}},"type":"if","locations":[{"start":{"line":10,"column":2},"end":{"line":12,"column":3}},{"start":{},"end":{}}],"line":10},"1":{"loc":{"start":{"line":10,"column":6},"end":{"line":10,"column":43}},"type":"binary-expr","locations":[{"start":{"line":10,"column":6},"end":{"line":10,"column":28}},{"start":{"line":10,"column":32},"end":{"line":10,"column":43}}],"line":10}},"s":{"0":0,"1":0,"2":0,"3":0,"4":0,"5":0},"f":{"0":0},"b":{"0":[0,0],"1":[0,0]}}
,"/home/berkay/Documents/Projects/daily-habits-final/src/components/SyncStatusIndicator.js": {"path":"/home/berkay/Documents/Projects/daily-habits-final/src/components/SyncStatusIndicator.js","statementMap":{"0":{"start":{"line":9,"column":28},"end":{"line":103,"column":1}},"1":{"start":{"line":10,"column":38},"end":{"line":10,"column":72}},"2":{"start":{"line":10,"column":59},"end":{"line":10,"column":71}},"3":{"start":{"line":11,"column":32},"end":{"line":11,"column":42}},"4":{"start":{"line":13,"column":24},"end":{"line":13,"column":55}},"5":{"start":{"line":15,"column":24},"end":{"line":61,"column":3}},"6":{"start":{"line":16,"column":4},"end":{"line":22,"column":5}},"7":{"start":{"line":17,"column":6},"end":{"line":21,"column":8}},"8":{"start":{"line":24,"column":4},"end":{"line":30,"column":5}},"9":{"start":{"line":25,"column":6},"end":{"line":29,"column":8}},"10":{"start":{"line":32,"column":4},"end":{"line":38,"column":5}},"11":{"start":{"line":33,"column":6},"end":{"line":37,"column":8}},"12":{"start":{"line":40,"column":4},"end":{"line":46,"column":5}},"13":{"start":{"line":41,"column":6},"end":{"line":45,"column":8}},"14":{"start":{"line":48,"column":4},"end":{"line":54,"column":5}},"15":{"start":{"line":49,"column":6},"end":{"line":53,"column":8}},"16":{"start":{"line":56,"column":4},"end":{"line":60,"column":6}},"17":{"start":{"line":63,"column":21},"end":{"line":63,"column":36}},"18":{"start":{"line":65,"column":2},"end":{"line":67,"column":3}},"19":{"start":{"line":66,"column":4},"end":{"line":66,"column":16}},"20":{"start":{"line":69,"column":2},"end":{"line":84,"column":3}},"21":{"start":{"line":70,"column":4},"end":{"line":83,"column":6}},"22":{"start":{"line":86,"column":2},"end":{"line":102,"column":4}},"23":{"start":{"line":105,"column":15},"end":{"line":135,"column":2}}},"fnMap":{"0":{"name":"(anonymous_0)","decl":{"start":{"line":9,"column":28},"end":{"line":9,"column":29}},"loc":{"start":{"line":9,"column":61},"end":{"line":103,"column":1}},"line":9},"1":{"name":"(anonymous_1)","decl":{"start":{"line":10,"column":50},"end":{"line":10,"column":51}},"loc":{"start":{"line":10,"column":59},"end":{"line":10,"column":71}},"line":10},"2":{"name":"(anonymous_2)","decl":{"start":{"line":15,"column":24},"end":{"line":15,"column":25}},"loc":{"start":{"line":15,"column":30},"end":{"line":61,"column":3}},"line":15}},"branchMap":{"0":{"loc":{"start":{"line":9,"column":31},"end":{"line":9,"column":54}},"type":"default-arg","locations":[{"start":{"line":9,"column":49},"end":{"line":9,"column":54}}],"line":9},"1":{"loc":{"start":{"line":16,"column":4},"end":{"line":22,"column":5}},"type":"if","locations":[{"start":{"line":16,"column":4},"end":{"line":22,"column":5}},{"start":{},"end":{}}],"line":16},"2":{"loc":{"start":{"line":24,"column":4},"end":{"line":30,"column":5}},"type":"if","locations":[{"start":{"line":24,"column":4},"end":{"line":30,"column":5}},{"start":{},"end":{}}],"line":24},"3":{"loc":{"start":{"line":32,"column":4},"end":{"line":38,"column":5}},"type":"if","locations":[{"start":{"line":32,"column":4},"end":{"line":38,"column":5}},{"start":{},"end":{}}],"line":32},"4":{"loc":{"start":{"line":40,"column":4},"end":{"line":46,"column":5}},"type":"if","locations":[{"start":{"line":40,"column":4},"end":{"line":46,"column":5}},{"start":{},"end":{}}],"line":40},"5":{"loc":{"start":{"line":48,"column":4},"end":{"line":54,"column":5}},"type":"if","locations":[{"start":{"line":48,"column":4},"end":{"line":54,"column":5}},{"start":{},"end":{}}],"line":48},"6":{"loc":{"start":{"line":65,"column":2},"end":{"line":67,"column":3}},"type":"if","locations":[{"start":{"line":65,"column":2},"end":{"line":67,"column":3}},{"start":{},"end":{}}],"line":65},"7":{"loc":{"start":{"line":69,"column":2},"end":{"line":84,"column":3}},"type":"if","locations":[{"start":{"line":69,"column":2},"end":{"line":84,"column":3}},{"start":{},"end":{}}],"line":69},"8":{"loc":{"start":{"line":74,"column":29},"end":{"line":74,"column":85}},"type":"cond-expr","locations":[{"start":{"line":74,"column":42},"end":{"line":74,"column":65}},{"start":{"line":74,"column":68},"end":{"line":74,"column":85}}],"line":74}},"s":{"0":0,"1":0,"2":0,"3":0,"4":0,"5":0,"6":0,"7":0,"8":0,"9":0,"10":0,"11":0,"12":0,"13":0,"14":0,"15":0,"16":0,"17":0,"18":0,"19":0,"20":0,"21":0,"22":0,"23":0},"f":{"0":0,"1":0,"2":0},"b":{"0":[0],"1":[0,0],"2":[0,0],"3":[0,0],"4":[0,0],"5":[0,0],"6":[0,0],"7":[0,0],"8":[0,0]}}
,"/home/berkay/Documents/Projects/daily-habits-final/src/config/apiConfig.js": {"path":"/home/berkay/Documents/Projects/daily-habits-final/src/config/apiConfig.js","statementMap":{"0":{"start":{"line":3,"column":22},"end":{"line":19,"column":1}},"1":{"start":{"line":21,"column":31},"end":{"line":25,"column":1}},"2":{"start":{"line":22,"column":2},"end":{"line":22,"column":48}},"3":{"start":{"line":22,"column":15},"end":{"line":22,"column":48}},"4":{"start":{"line":23,"column":2},"end":{"line":23,"column":65}},"5":{"start":{"line":23,"column":39},"end":{"line":23,"column":65}},"6":{"start":{"line":24,"column":2},"end":{"line":24,"column":34}},"7":{"start":{"line":27,"column":28},"end":{"line":27,"column":52}},"8":{"start":{"line":29,"column":26},"end":{"line":29,"column":117}},"9":{"start":{"line":31,"column":23},"end":{"line":31,"column":42}},"10":{"start":{"line":33,"column":29},"end":{"line":33,"column":40}},"11":{"start":{"line":34,"column":27},"end":{"line":34,"column":36}},"12":{"start":{"line":36,"column":25},"end":{"line":41,"column":1}},"13":{"start":{"line":43,"column":31},"end":{"line":43,"column":51}},"14":{"start":{"line":44,"column":29},"end":{"line":44,"column":50}}},"fnMap":{"0":{"name":"(anonymous_0)","decl":{"start":{"line":21,"column":31},"end":{"line":21,"column":32}},"loc":{"start":{"line":21,"column":37},"end":{"line":25,"column":1}},"line":21}},"branchMap":{"0":{"loc":{"start":{"line":22,"column":2},"end":{"line":22,"column":48}},"type":"if","locations":[{"start":{"line":22,"column":2},"end":{"line":22,"column":48}},{"start":{},"end":{}}],"line":22},"1":{"loc":{"start":{"line":23,"column":2},"end":{"line":23,"column":65}},"type":"if","locations":[{"start":{"line":23,"column":2},"end":{"line":23,"column":65}},{"start":{},"end":{}}],"line":23}},"s":{"0":5,"1":5,"2":5,"3":5,"4":0,"5":0,"6":0,"7":5,"8":5,"9":5,"10":5,"11":5,"12":5,"13":5,"14":5},"f":{"0":5},"b":{"0":[5,0],"1":[0,0]},"_coverageSchema":"1a1c01bbd47fc00a2c39e90264f33305004495a9","hash":"a5b6bc896f49e705a8e531986133c60000d096b6"}
,"/home/berkay/Documents/Projects/daily-habits-final/src/config/appConfig.js": {"path":"/home/berkay/Documents/Projects/daily-habits-final/src/config/appConfig.js","statementMap":{"0":{"start":{"line":2,"column":24},"end":{"line":13,"column":1}},"1":{"start":{"line":15,"column":30},"end":{"line":21,"column":1}},"2":{"start":{"line":23,"column":25},"end":{"line":31,"column":1}},"3":{"start":{"line":35,"column":24},"end":{"line":46,"column":1}},"4":{"start":{"line":48,"column":28},"end":{"line":57,"column":1}},"5":{"start":{"line":61,"column":25},"end":{"line":139,"column":1}},"6":{"start":{"line":143,"column":26},"end":{"line":151,"column":1}},"7":{"start":{"line":155,"column":22},"end":{"line":159,"column":1}},"8":{"start":{"line":161,"column":24},"end":{"line":171,"column":1}},"9":{"start":{"line":163,"column":4},"end":{"line":163,"column":49}},"10":{"start":{"line":166,"column":4},"end":{"line":166,"column":38}},"11":{"start":{"line":169,"column":4},"end":{"line":169,"column":40}},"12":{"start":{"line":173,"column":33},"end":{"line":179,"column":1}},"13":{"start":{"line":174,"column":2},"end":{"line":177,"column":3}},"14":{"start":{"line":175,"column":4},"end":{"line":175,"column":39}},"15":{"start":{"line":176,"column":4},"end":{"line":176,"column":16}},"16":{"start":{"line":178,"column":2},"end":{"line":178,"column":15}},"17":{"start":{"line":181,"column":31},"end":{"line":183,"column":1}},"18":{"start":{"line":182,"column":2},"end":{"line":182,"column":32}},"19":{"start":{"line":185,"column":33},"end":{"line":191,"column":1}},"20":{"start":{"line":186,"column":2},"end":{"line":190,"column":4}},"21":{"start":{"line":195,"column":26},"end":{"line":213,"column":1}},"22":{"start":{"line":217,"column":28},"end":{"line":221,"column":1}},"23":{"start":{"line":218,"column":2},"end":{"line":218,"column":37}},"24":{"start":{"line":218,"column":15},"end":{"line":218,"column":37}},"25":{"start":{"line":219,"column":2},"end":{"line":219,"column":62}},"26":{"start":{"line":219,"column":39},"end":{"line":219,"column":62}},"27":{"start":{"line":220,"column":2},"end":{"line":220,"column":25}},"28":{"start":{"line":223,"column":27},"end":{"line":223,"column":48}},"29":{"start":{"line":225,"column":30},"end":{"line":232,"column":1}},"30":{"start":{"line":234,"column":37},"end":{"line":239,"column":1}}},"fnMap":{"0":{"name":"(anonymous_0)","decl":{"start":{"line":162,"column":2},"end":{"line":162,"column":3}},"loc":{"start":{"line":162,"column":30},"end":{"line":164,"column":3}},"line":162},"1":{"name":"(anonymous_1)","decl":{"start":{"line":165,"column":2},"end":{"line":165,"column":3}},"loc":{"start":{"line":165,"column":19},"end":{"line":167,"column":3}},"line":165},"2":{"name":"(anonymous_2)","decl":{"start":{"line":168,"column":2},"end":{"line":168,"column":3}},"loc":{"start":{"line":168,"column":21},"end":{"line":170,"column":3}},"line":168},"3":{"name":"(anonymous_3)","decl":{"start":{"line":173,"column":33},"end":{"line":173,"column":34}},"loc":{"start":{"line":173,"column":55},"end":{"line":179,"column":1}},"line":173},"4":{"name":"(anonymous_4)","decl":{"start":{"line":181,"column":31},"end":{"line":181,"column":32}},"loc":{"start":{"line":181,"column":37},"end":{"line":183,"column":1}},"line":181},"5":{"name":"(anonymous_5)","decl":{"start":{"line":185,"column":33},"end":{"line":185,"column":34}},"loc":{"start":{"line":185,"column":39},"end":{"line":191,"column":1}},"line":185},"6":{"name":"(anonymous_6)","decl":{"start":{"line":217,"column":28},"end":{"line":217,"column":29}},"loc":{"start":{"line":217,"column":34},"end":{"line":221,"column":1}},"line":217}},"branchMap":{"0":{"loc":{"start":{"line":174,"column":2},"end":{"line":177,"column":3}},"type":"if","locations":[{"start":{"line":174,"column":2},"end":{"line":177,"column":3}},{"start":{},"end":{}}],"line":174},"1":{"loc":{"start":{"line":218,"column":2},"end":{"line":218,"column":37}},"type":"if","locations":[{"start":{"line":218,"column":2},"end":{"line":218,"column":37}},{"start":{},"end":{}}],"line":218},"2":{"loc":{"start":{"line":219,"column":2},"end":{"line":219,"column":62}},"type":"if","locations":[{"start":{"line":219,"column":2},"end":{"line":219,"column":62}},{"start":{},"end":{}}],"line":219}},"s":{"0":0,"1":0,"2":0,"3":0,"4":0,"5":0,"6":0,"7":0,"8":0,"9":0,"10":0,"11":0,"12":0,"13":0,"14":0,"15":0,"16":0,"17":0,"18":0,"19":0,"20":0,"21":0,"22":0,"23":0,"24":0,"25":0,"26":0,"27":0,"28":0,"29":0,"30":0},"f":{"0":0,"1":0,"2":0,"3":0,"4":0,"5":0,"6":0},"b":{"0":[0,0],"1":[0,0],"2":[0,0]}}
,"/home/berkay/Documents/Projects/daily-habits-final/src/config/navigationConfig.js": {"path":"/home/berkay/Documents/Projects/daily-habits-final/src/config/navigationConfig.js","statementMap":{"0":{"start":{"line":1,"column":28},"end":{"line":9,"column":1}},"1":{"start":{"line":11,"column":25},"end":{"line":24,"column":1}},"2":{"start":{"line":26,"column":29},"end":{"line":33,"column":1}}},"fnMap":{},"branchMap":{},"s":{"0":0,"1":0,"2":0},"f":{},"b":{}}
,"/home/berkay/Documents/Projects/daily-habits-final/src/config/webSupport.js": {"path":"/home/berkay/Documents/Projects/daily-habits-final/src/config/webSupport.js","statementMap":{"0":{"start":{"line":5,"column":28},"end":{"line":20,"column":1}},"1":{"start":{"line":22,"column":32},"end":{"line":36,"column":1}},"2":{"start":{"line":38,"column":31},"end":{"line":54,"column":1}},"3":{"start":{"line":40,"column":4},"end":{"line":45,"column":5}},"4":{"start":{"line":41,"column":73},"end":{"line":41,"column":85}},"5":{"start":{"line":42,"column":6},"end":{"line":44,"column":8}},"6":{"start":{"line":46,"column":4},"end":{"line":46,"column":24}},"7":{"start":{"line":50,"column":4},"end":{"line":52,"column":11}},"8":{"start":{"line":56,"column":41},"end":{"line":58,"column":1}},"9":{"start":{"line":57,"column":2},"end":{"line":57,"column":61}},"10":{"start":{"line":60,"column":35},"end":{"line":66,"column":1}}},"fnMap":{"0":{"name":"(anonymous_0)","decl":{"start":{"line":39,"column":23},"end":{"line":39,"column":24}},"loc":{"start":{"line":39,"column":41},"end":{"line":47,"column":3}},"line":39},"1":{"name":"(anonymous_1)","decl":{"start":{"line":49,"column":25},"end":{"line":49,"column":26}},"loc":{"start":{"line":49,"column":44},"end":{"line":53,"column":3}},"line":49},"2":{"name":"(anonymous_2)","decl":{"start":{"line":56,"column":41},"end":{"line":56,"column":42}},"loc":{"start":{"line":56,"column":67},"end":{"line":58,"column":1}},"line":56}},"branchMap":{"0":{"loc":{"start":{"line":26,"column":10},"end":{"line":26,"column":89}},"type":"cond-expr","locations":[{"start":{"line":26,"column":34},"end":{"line":26,"column":62}},{"start":{"line":26,"column":65},"end":{"line":26,"column":89}}],"line":26},"1":{"loc":{"start":{"line":27,"column":12},"end":{"line":27,"column":95}},"type":"cond-expr","locations":[{"start":{"line":27,"column":36},"end":{"line":27,"column":66}},{"start":{"line":27,"column":69},"end":{"line":27,"column":95}}],"line":27},"2":{"loc":{"start":{"line":28,"column":10},"end":{"line":28,"column":89}},"type":"cond-expr","locations":[{"start":{"line":28,"column":34},"end":{"line":28,"column":62}},{"start":{"line":28,"column":65},"end":{"line":28,"column":89}}],"line":28},"3":{"loc":{"start":{"line":40,"column":4},"end":{"line":45,"column":5}},"type":"if","locations":[{"start":{"line":40,"column":4},"end":{"line":45,"column":5}},{"start":{},"end":{}}],"line":40},"4":{"loc":{"start":{"line":43,"column":22},"end":{"line":43,"column":46}},"type":"binary-expr","locations":[{"start":{"line":43,"column":22},"end":{"line":43,"column":41}},{"start":{"line":43,"column":45},"end":{"line":43,"column":46}}],"line":43},"5":{"loc":{"start":{"line":43,"column":52},"end":{"line":43,"column":77}},"type":"binary-expr","locations":[{"start":{"line":43,"column":52},"end":{"line":43,"column":72}},{"start":{"line":43,"column":76},"end":{"line":43,"column":77}}],"line":43},"6":{"loc":{"start":{"line":43,"column":83},"end":{"line":43,"column":100}},"type":"binary-expr","locations":[{"start":{"line":43,"column":83},"end":{"line":43,"column":95}},{"start":{"line":43,"column":99},"end":{"line":43,"column":100}}],"line":43},"7":{"loc":{"start":{"line":43,"column":117},"end":{"line":43,"column":162}},"type":"binary-expr","locations":[{"start":{"line":43,"column":117},"end":{"line":43,"column":130}},{"start":{"line":43,"column":134},"end":{"line":43,"column":162}}],"line":43},"8":{"loc":{"start":{"line":50,"column":11},"end":{"line":52,"column":10}},"type":"cond-expr","locations":[{"start":{"line":51,"column":8},"end":{"line":51,"column":25}},{"start":{"line":52,"column":8},"end":{"line":52,"column":10}}],"line":50},"9":{"loc":{"start":{"line":57,"column":9},"end":{"line":57,"column":60}},"type":"cond-expr","locations":[{"start":{"line":57,"column":33},"end":{"line":57,"column":37}},{"start":{"line":57,"column":40},"end":{"line":57,"column":60}}],"line":57}},"s":{"0":0,"1":0,"2":0,"3":0,"4":0,"5":0,"6":0,"7":0,"8":0,"9":0,"10":0},"f":{"0":0,"1":0,"2":0},"b":{"0":[0,0],"1":[0,0],"2":[0,0],"3":[0,0],"4":[0,0],"5":[0,0],"6":[0,0],"7":[0,0],"8":[0,0],"9":[0,0]}}
,"/home/berkay/Documents/Projects/daily-habits-final/src/context/ThemeContext.js": {"path":"/home/berkay/Documents/Projects/daily-habits-final/src/context/ThemeContext.js","statementMap":{"0":{"start":{"line":6,"column":21},"end":{"line":6,"column":36}},"1":{"start":{"line":8,"column":29},"end":{"line":61,"column":1}},"2":{"start":{"line":9,"column":38},"end":{"line":9,"column":53}},"3":{"start":{"line":10,"column":28},"end":{"line":10,"column":48}},"4":{"start":{"line":12,"column":2},"end":{"line":27,"column":9}},"5":{"start":{"line":13,"column":32},"end":{"line":24,"column":5}},"6":{"start":{"line":14,"column":6},"end":{"line":23,"column":7}},"7":{"start":{"line":15,"column":27},"end":{"line":15,"column":67}},"8":{"start":{"line":16,"column":8},"end":{"line":20,"column":9}},"9":{"start":{"line":17,"column":25},"end":{"line":17,"column":47}},"10":{"start":{"line":18,"column":10},"end":{"line":18,"column":32}},"11":{"start":{"line":19,"column":10},"end":{"line":19,"column":52}},"12":{"start":{"line":22,"column":8},"end":{"line":22,"column":64}},"13":{"start":{"line":26,"column":4},"end":{"line":26,"column":26}},"14":{"start":{"line":29,"column":2},"end":{"line":39,"column":19}},"15":{"start":{"line":30,"column":32},"end":{"line":36,"column":5}},"16":{"start":{"line":31,"column":6},"end":{"line":35,"column":7}},"17":{"start":{"line":32,"column":8},"end":{"line":32,"column":77}},"18":{"start":{"line":34,"column":8},"end":{"line":34,"column":63}},"19":{"start":{"line":38,"column":4},"end":{"line":38,"column":26}},"20":{"start":{"line":41,"column":22},"end":{"line":49,"column":3}},"21":{"start":{"line":42,"column":4},"end":{"line":45,"column":5}},"22":{"start":{"line":43,"column":6},"end":{"line":43,"column":61}},"23":{"start":{"line":44,"column":6},"end":{"line":44,"column":13}},"24":{"start":{"line":47,"column":4},"end":{"line":47,"column":31}},"25":{"start":{"line":48,"column":4},"end":{"line":48,"column":51}},"26":{"start":{"line":51,"column":2},"end":{"line":60,"column":4}},"27":{"start":{"line":63,"column":24},"end":{"line":63,"column":54}},"28":{"start":{"line":63,"column":30},"end":{"line":63,"column":54}}},"fnMap":{"0":{"name":"(anonymous_0)","decl":{"start":{"line":8,"column":29},"end":{"line":8,"column":30}},"loc":{"start":{"line":8,"column":47},"end":{"line":61,"column":1}},"line":8},"1":{"name":"(anonymous_1)","decl":{"start":{"line":12,"column":12},"end":{"line":12,"column":13}},"loc":{"start":{"line":12,"column":18},"end":{"line":27,"column":3}},"line":12},"2":{"name":"(anonymous_2)","decl":{"start":{"line":13,"column":32},"end":{"line":13,"column":33}},"loc":{"start":{"line":13,"column":44},"end":{"line":24,"column":5}},"line":13},"3":{"name":"(anonymous_3)","decl":{"start":{"line":29,"column":12},"end":{"line":29,"column":13}},"loc":{"start":{"line":29,"column":18},"end":{"line":39,"column":3}},"line":29},"4":{"name":"(anonymous_4)","decl":{"start":{"line":30,"column":32},"end":{"line":30,"column":33}},"loc":{"start":{"line":30,"column":44},"end":{"line":36,"column":5}},"line":30},"5":{"name":"(anonymous_5)","decl":{"start":{"line":41,"column":22},"end":{"line":41,"column":23}},"loc":{"start":{"line":41,"column":28},"end":{"line":49,"column":3}},"line":41},"6":{"name":"(anonymous_6)","decl":{"start":{"line":63,"column":24},"end":{"line":63,"column":25}},"loc":{"start":{"line":63,"column":30},"end":{"line":63,"column":54}},"line":63}},"branchMap":{"0":{"loc":{"start":{"line":16,"column":8},"end":{"line":20,"column":9}},"type":"if","locations":[{"start":{"line":16,"column":8},"end":{"line":20,"column":9}},{"start":{},"end":{}}],"line":16},"1":{"loc":{"start":{"line":16,"column":12},"end":{"line":16,"column":54}},"type":"binary-expr","locations":[{"start":{"line":16,"column":12},"end":{"line":16,"column":31}},{"start":{"line":16,"column":35},"end":{"line":16,"column":54}}],"line":16},"2":{"loc":{"start":{"line":19,"column":19},"end":{"line":19,"column":50}},"type":"cond-expr","locations":[{"start":{"line":19,"column":28},"end":{"line":19,"column":37}},{"start":{"line":19,"column":40},"end":{"line":19,"column":50}}],"line":19},"3":{"loc":{"start":{"line":42,"column":4},"end":{"line":45,"column":5}},"type":"if","locations":[{"start":{"line":42,"column":4},"end":{"line":45,"column":5}},{"start":{},"end":{}}],"line":42},"4":{"loc":{"start":{"line":48,"column":13},"end":{"line":48,"column":49}},"type":"cond-expr","locations":[{"start":{"line":48,"column":27},"end":{"line":48,"column":36}},{"start":{"line":48,"column":39},"end":{"line":48,"column":49}}],"line":48},"5":{"loc":{"start":{"line":54,"column":18},"end":{"line":54,"column":58}},"type":"cond-expr","locations":[{"start":{"line":54,"column":40},"end":{"line":54,"column":50}},{"start":{"line":54,"column":53},"end":{"line":54,"column":58}}],"line":54}},"s":{"0":4,"1":4,"2":23,"3":23,"4":23,"5":23,"6":23,"7":23,"8":23,"9":0,"10":0,"11":0,"12":0,"13":23,"14":23,"15":23,"16":23,"17":23,"18":0,"19":23,"20":23,"21":0,"22":0,"23":0,"24":0,"25":0,"26":23,"27":4,"28":26},"f":{"0":23,"1":23,"2":23,"3":23,"4":23,"5":0,"6":26},"b":{"0":[0,23],"1":[23,0],"2":[0,0],"3":[0,0],"4":[0,0],"5":[23,0]},"_coverageSchema":"1a1c01bbd47fc00a2c39e90264f33305004495a9","hash":"5d550cbe5f783819709c0c5596576ae53a25b080"}
,"/home/berkay/Documents/Projects/daily-habits-final/src/hooks/useAppInitialization.js": {"path":"/home/berkay/Documents/Projects/daily-habits-final/src/hooks/useAppInitialization.js","statementMap":{"0":{"start":{"line":10,"column":36},"end":{"line":64,"column":1}},"1":{"start":{"line":11,"column":19},"end":{"line":11,"column":32}},"2":{"start":{"line":12,"column":40},"end":{"line":12,"column":54}},"3":{"start":{"line":15,"column":2},"end":{"line":47,"column":17}},"4":{"start":{"line":16,"column":26},"end":{"line":29,"column":5}},"5":{"start":{"line":17,"column":6},"end":{"line":28,"column":7}},"6":{"start":{"line":18,"column":8},"end":{"line":21,"column":9}},"7":{"start":{"line":19,"column":10},"end":{"line":19,"column":78}},"8":{"start":{"line":20,"column":10},"end":{"line":20,"column":17}},"9":{"start":{"line":23,"column":8},"end":{"line":23,"column":33}},"10":{"start":{"line":25,"column":8},"end":{"line":25,"column":42}},"11":{"start":{"line":27,"column":8},"end":{"line":27,"column":56}},"12":{"start":{"line":31,"column":22},"end":{"line":33,"column":41}},"13":{"start":{"line":32,"column":6},"end":{"line":32,"column":22}},"14":{"start":{"line":35,"column":24},"end":{"line":41,"column":6}},"15":{"start":{"line":36,"column":6},"end":{"line":36,"column":40}},"16":{"start":{"line":38,"column":6},"end":{"line":40,"column":7}},"17":{"start":{"line":39,"column":8},"end":{"line":39,"column":42}},"18":{"start":{"line":43,"column":4},"end":{"line":46,"column":6}},"19":{"start":{"line":44,"column":6},"end":{"line":44,"column":30}},"20":{"start":{"line":45,"column":6},"end":{"line":45,"column":20}},"21":{"start":{"line":49,"column":2},"end":{"line":58,"column":30}},"22":{"start":{"line":50,"column":4},"end":{"line":50,"column":64}},"23":{"start":{"line":50,"column":57},"end":{"line":50,"column":64}},"24":{"start":{"line":52,"column":25},"end":{"line":55,"column":21}},"25":{"start":{"line":53,"column":6},"end":{"line":53,"column":40}},"26":{"start":{"line":54,"column":6},"end":{"line":54,"column":35}},"27":{"start":{"line":57,"column":4},"end":{"line":57,"column":45}},"28":{"start":{"line":57,"column":17},"end":{"line":57,"column":44}},"29":{"start":{"line":60,"column":2},"end":{"line":63,"column":4}}},"fnMap":{"0":{"name":"(anonymous_0)","decl":{"start":{"line":10,"column":36},"end":{"line":10,"column":37}},"loc":{"start":{"line":10,"column":42},"end":{"line":64,"column":1}},"line":10},"1":{"name":"(anonymous_1)","decl":{"start":{"line":15,"column":12},"end":{"line":15,"column":13}},"loc":{"start":{"line":15,"column":18},"end":{"line":47,"column":3}},"line":15},"2":{"name":"(anonymous_2)","decl":{"start":{"line":16,"column":26},"end":{"line":16,"column":27}},"loc":{"start":{"line":16,"column":38},"end":{"line":29,"column":5}},"line":16},"3":{"name":"(anonymous_3)","decl":{"start":{"line":31,"column":33},"end":{"line":31,"column":34}},"loc":{"start":{"line":31,"column":39},"end":{"line":33,"column":5}},"line":31},"4":{"name":"(anonymous_4)","decl":{"start":{"line":35,"column":49},"end":{"line":35,"column":50}},"loc":{"start":{"line":35,"column":58},"end":{"line":41,"column":5}},"line":35},"5":{"name":"(anonymous_5)","decl":{"start":{"line":43,"column":11},"end":{"line":43,"column":12}},"loc":{"start":{"line":43,"column":17},"end":{"line":46,"column":5}},"line":43},"6":{"name":"(anonymous_6)","decl":{"start":{"line":49,"column":12},"end":{"line":49,"column":13}},"loc":{"start":{"line":49,"column":18},"end":{"line":58,"column":3}},"line":49},"7":{"name":"(anonymous_7)","decl":{"start":{"line":52,"column":37},"end":{"line":52,"column":38}},"loc":{"start":{"line":52,"column":43},"end":{"line":55,"column":5}},"line":52},"8":{"name":"(anonymous_8)","decl":{"start":{"line":57,"column":11},"end":{"line":57,"column":12}},"loc":{"start":{"line":57,"column":17},"end":{"line":57,"column":44}},"line":57}},"branchMap":{"0":{"loc":{"start":{"line":18,"column":8},"end":{"line":21,"column":9}},"type":"if","locations":[{"start":{"line":18,"column":8},"end":{"line":21,"column":9}},{"start":{},"end":{}}],"line":18},"1":{"loc":{"start":{"line":38,"column":6},"end":{"line":40,"column":7}},"type":"if","locations":[{"start":{"line":38,"column":6},"end":{"line":40,"column":7}},{"start":{},"end":{}}],"line":38},"2":{"loc":{"start":{"line":38,"column":10},"end":{"line":38,"column":62}},"type":"binary-expr","locations":[{"start":{"line":38,"column":10},"end":{"line":38,"column":27}},{"start":{"line":38,"column":31},"end":{"line":38,"column":62}}],"line":38},"3":{"loc":{"start":{"line":50,"column":4},"end":{"line":50,"column":64}},"type":"if","locations":[{"start":{"line":50,"column":4},"end":{"line":50,"column":64}},{"start":{},"end":{}}],"line":50},"4":{"loc":{"start":{"line":50,"column":8},"end":{"line":50,"column":55}},"type":"binary-expr","locations":[{"start":{"line":50,"column":8},"end":{"line":50,"column":20}},{"start":{"line":50,"column":24},"end":{"line":50,"column":55}}],"line":50}},"s":{"0":0,"1":0,"2":0,"3":0,"4":0,"5":0,"6":0,"7":0,"8":0,"9":0,"10":0,"11":0,"12":0,"13":0,"14":0,"15":0,"16":0,"17":0,"18":0,"19":0,"20":0,"21":0,"22":0,"23":0,"24":0,"25":0,"26":0,"27":0,"28":0,"29":0},"f":{"0":0,"1":0,"2":0,"3":0,"4":0,"5":0,"6":0,"7":0,"8":0},"b":{"0":[0,0],"1":[0,0],"2":[0,0],"3":[0,0],"4":[0,0]}}
,"/home/berkay/Documents/Projects/daily-habits-final/src/hooks/useAppNavigation.js": {"path":"/home/berkay/Documents/Projects/daily-habits-final/src/hooks/useAppNavigation.js","statementMap":{"0":{"start":{"line":5,"column":32},"end":{"line":32,"column":1}},"1":{"start":{"line":6,"column":21},"end":{"line":6,"column":36}},"2":{"start":{"line":8,"column":2},"end":{"line":31,"column":4}},"3":{"start":{"line":9,"column":30},"end":{"line":9,"column":73}},"4":{"start":{"line":10,"column":26},"end":{"line":10,"column":71}},"5":{"start":{"line":11,"column":27},"end":{"line":11,"column":73}},"6":{"start":{"line":12,"column":26},"end":{"line":14,"column":6}},"7":{"start":{"line":15,"column":27},"end":{"line":17,"column":6}},"8":{"start":{"line":18,"column":30},"end":{"line":20,"column":6}},"9":{"start":{"line":22,"column":18},"end":{"line":22,"column":37}},"10":{"start":{"line":23,"column":21},"end":{"line":23,"column":43}},"11":{"start":{"line":25,"column":38},"end":{"line":25,"column":77}},"12":{"start":{"line":27,"column":26},"end":{"line":30,"column":6}}},"fnMap":{"0":{"name":"(anonymous_0)","decl":{"start":{"line":5,"column":32},"end":{"line":5,"column":33}},"loc":{"start":{"line":5,"column":38},"end":{"line":32,"column":1}},"line":5},"1":{"name":"(anonymous_1)","decl":{"start":{"line":9,"column":24},"end":{"line":9,"column":25}},"loc":{"start":{"line":9,"column":30},"end":{"line":9,"column":73}},"line":9},"2":{"name":"(anonymous_2)","decl":{"start":{"line":10,"column":20},"end":{"line":10,"column":21}},"loc":{"start":{"line":10,"column":26},"end":{"line":10,"column":71}},"line":10},"3":{"name":"(anonymous_3)","decl":{"start":{"line":11,"column":21},"end":{"line":11,"column":22}},"loc":{"start":{"line":11,"column":27},"end":{"line":11,"column":73}},"line":11},"4":{"name":"(anonymous_4)","decl":{"start":{"line":12,"column":20},"end":{"line":12,"column":21}},"loc":{"start":{"line":12,"column":26},"end":{"line":14,"column":6}},"line":12},"5":{"name":"(anonymous_5)","decl":{"start":{"line":15,"column":21},"end":{"line":15,"column":22}},"loc":{"start":{"line":15,"column":27},"end":{"line":17,"column":6}},"line":15},"6":{"name":"(anonymous_6)","decl":{"start":{"line":18,"column":24},"end":{"line":18,"column":25}},"loc":{"start":{"line":18,"column":30},"end":{"line":20,"column":6}},"line":18},"7":{"name":"(anonymous_7)","decl":{"start":{"line":22,"column":12},"end":{"line":22,"column":13}},"loc":{"start":{"line":22,"column":18},"end":{"line":22,"column":37}},"line":22},"8":{"name":"(anonymous_8)","decl":{"start":{"line":23,"column":15},"end":{"line":23,"column":16}},"loc":{"start":{"line":23,"column":21},"end":{"line":23,"column":43}},"line":23},"9":{"name":"(anonymous_9)","decl":{"start":{"line":25,"column":14},"end":{"line":25,"column":15}},"loc":{"start":{"line":25,"column":38},"end":{"line":25,"column":77}},"line":25},"10":{"name":"(anonymous_10)","decl":{"start":{"line":27,"column":11},"end":{"line":27,"column":12}},"loc":{"start":{"line":27,"column":26},"end":{"line":30,"column":6}},"line":27}},"branchMap":{},"s":{"0":0,"1":0,"2":0,"3":0,"4":0,"5":0,"6":0,"7":0,"8":0,"9":0,"10":0,"11":0,"12":0},"f":{"0":0,"1":0,"2":0,"3":0,"4":0,"5":0,"6":0,"7":0,"8":0,"9":0,"10":0},"b":{}}
,"/home/berkay/Documents/Projects/daily-habits-final/src/hooks/useFeatureSettings.js": {"path":"/home/berkay/Documents/Projects/daily-habits-final/src/hooks/useFeatureSettings.js","statementMap":{"0":{"start":{"line":5,"column":29},"end":{"line":5,"column":46}},"1":{"start":{"line":7,"column":34},"end":{"line":79,"column":1}},"2":{"start":{"line":8,"column":48},"end":{"line":8,"column":75}},"3":{"start":{"line":9,"column":36},"end":{"line":9,"column":50}},"4":{"start":{"line":11,"column":2},"end":{"line":32,"column":9}},"5":{"start":{"line":12,"column":32},"end":{"line":29,"column":5}},"6":{"start":{"line":13,"column":6},"end":{"line":28,"column":7}},"7":{"start":{"line":14,"column":22},"end":{"line":14,"column":70}},"8":{"start":{"line":15,"column":8},"end":{"line":23,"column":9}},"9":{"start":{"line":16,"column":33},"end":{"line":16,"column":50}},"10":{"start":{"line":18,"column":10},"end":{"line":20,"column":13}},"11":{"start":{"line":19,"column":12},"end":{"line":19,"column":64}},"12":{"start":{"line":22,"column":10},"end":{"line":22,"column":48}},"13":{"start":{"line":25,"column":8},"end":{"line":25,"column":64}},"14":{"start":{"line":27,"column":8},"end":{"line":27,"column":28}},"15":{"start":{"line":31,"column":4},"end":{"line":31,"column":26}},"16":{"start":{"line":34,"column":30},"end":{"line":40,"column":3}},"17":{"start":{"line":35,"column":4},"end":{"line":39,"column":5}},"18":{"start":{"line":36,"column":6},"end":{"line":36,"column":84}},"19":{"start":{"line":38,"column":6},"end":{"line":38,"column":61}},"20":{"start":{"line":42,"column":31},"end":{"line":51,"column":3}},"21":{"start":{"line":43,"column":20},"end":{"line":43,"column":55}},"22":{"start":{"line":44,"column":4},"end":{"line":49,"column":5}},"23":{"start":{"line":45,"column":26},"end":{"line":45,"column":43}},"24":{"start":{"line":46,"column":6},"end":{"line":46,"column":38}},"25":{"start":{"line":47,"column":6},"end":{"line":47,"column":45}},"26":{"start":{"line":48,"column":6},"end":{"line":48,"column":18}},"27":{"start":{"line":50,"column":4},"end":{"line":50,"column":17}},"28":{"start":{"line":53,"column":34},"end":{"line":67,"column":3}},"29":{"start":{"line":54,"column":28},"end":{"line":58,"column":5}},"30":{"start":{"line":60,"column":4},"end":{"line":62,"column":7}},"31":{"start":{"line":61,"column":6},"end":{"line":61,"column":59}},"32":{"start":{"line":64,"column":24},"end":{"line":64,"column":41}},"33":{"start":{"line":65,"column":4},"end":{"line":65,"column":36}},"34":{"start":{"line":66,"column":4},"end":{"line":66,"column":43}},"35":{"start":{"line":69,"column":2},"end":{"line":78,"column":4}}},"fnMap":{"0":{"name":"(anonymous_0)","decl":{"start":{"line":7,"column":34},"end":{"line":7,"column":35}},"loc":{"start":{"line":7,"column":40},"end":{"line":79,"column":1}},"line":7},"1":{"name":"(anonymous_1)","decl":{"start":{"line":11,"column":12},"end":{"line":11,"column":13}},"loc":{"start":{"line":11,"column":18},"end":{"line":32,"column":3}},"line":11},"2":{"name":"(anonymous_2)","decl":{"start":{"line":12,"column":32},"end":{"line":12,"column":33}},"loc":{"start":{"line":12,"column":44},"end":{"line":29,"column":5}},"line":12},"3":{"name":"(anonymous_3)","decl":{"start":{"line":18,"column":46},"end":{"line":18,"column":47}},"loc":{"start":{"line":18,"column":57},"end":{"line":20,"column":11}},"line":18},"4":{"name":"(anonymous_4)","decl":{"start":{"line":34,"column":30},"end":{"line":34,"column":31}},"loc":{"start":{"line":34,"column":53},"end":{"line":40,"column":3}},"line":34},"5":{"name":"(anonymous_5)","decl":{"start":{"line":42,"column":31},"end":{"line":42,"column":32}},"loc":{"start":{"line":42,"column":59},"end":{"line":51,"column":3}},"line":42},"6":{"name":"(anonymous_6)","decl":{"start":{"line":53,"column":34},"end":{"line":53,"column":35}},"loc":{"start":{"line":53,"column":46},"end":{"line":67,"column":3}},"line":53},"7":{"name":"(anonymous_7)","decl":{"start":{"line":60,"column":41},"end":{"line":60,"column":42}},"loc":{"start":{"line":60,"column":52},"end":{"line":62,"column":5}},"line":60}},"branchMap":{"0":{"loc":{"start":{"line":15,"column":8},"end":{"line":23,"column":9}},"type":"if","locations":[{"start":{"line":15,"column":8},"end":{"line":23,"column":9}},{"start":{},"end":{}}],"line":15},"1":{"loc":{"start":{"line":44,"column":4},"end":{"line":49,"column":5}},"type":"if","locations":[{"start":{"line":44,"column":4},"end":{"line":49,"column":5}},{"start":{},"end":{}}],"line":44}},"s":{"0":0,"1":0,"2":0,"3":0,"4":0,"5":0,"6":0,"7":0,"8":0,"9":0,"10":0,"11":0,"12":0,"13":0,"14":0,"15":0,"16":0,"17":0,"18":0,"19":0,"20":0,"21":0,"22":0,"23":0,"24":0,"25":0,"26":0,"27":0,"28":0,"29":0,"30":0,"31":0,"32":0,"33":0,"34":0,"35":0},"f":{"0":0,"1":0,"2":0,"3":0,"4":0,"5":0,"6":0,"7":0},"b":{"0":[0,0],"1":[0,0]}}
,"/home/berkay/Documents/Projects/daily-habits-final/src/hooks/useNotificationManager.js": {"path":"/home/berkay/Documents/Projects/daily-habits-final/src/hooks/useNotificationManager.js","statementMap":{"0":{"start":{"line":13,"column":38},"end":{"line":209,"column":1}},"1":{"start":{"line":14,"column":17},"end":{"line":14,"column":60}},"2":{"start":{"line":14,"column":40},"end":{"line":14,"column":59}},"3":{"start":{"line":15,"column":54},"end":{"line":15,"column":73}},"4":{"start":{"line":16,"column":46},"end":{"line":16,"column":61}},"5":{"start":{"line":17,"column":46},"end":{"line":17,"column":60}},"6":{"start":{"line":18,"column":72},"end":{"line":18,"column":83}},"7":{"start":{"line":20,"column":37},"end":{"line":28,"column":3}},"8":{"start":{"line":21,"column":4},"end":{"line":27,"column":7}},"9":{"start":{"line":21,"column":25},"end":{"line":27,"column":5}},"10":{"start":{"line":30,"column":32},"end":{"line":32,"column":3}},"11":{"start":{"line":31,"column":4},"end":{"line":31,"column":46}},"12":{"start":{"line":34,"column":34},"end":{"line":49,"column":14}},"13":{"start":{"line":35,"column":4},"end":{"line":37,"column":5}},"14":{"start":{"line":36,"column":6},"end":{"line":36,"column":13}},"15":{"start":{"line":39,"column":4},"end":{"line":48,"column":5}},"16":{"start":{"line":40,"column":18},"end":{"line":40,"column":19}},"17":{"start":{"line":41,"column":6},"end":{"line":44,"column":7}},"18":{"start":{"line":42,"column":33},"end":{"line":42,"column":74}},"19":{"start":{"line":43,"column":8},"end":{"line":43,"column":38}},"20":{"start":{"line":43,"column":30},"end":{"line":43,"column":38}},"21":{"start":{"line":45,"column":6},"end":{"line":45,"column":44}},"22":{"start":{"line":47,"column":6},"end":{"line":47,"column":78}},"23":{"start":{"line":51,"column":2},"end":{"line":80,"column":9}},"24":{"start":{"line":52,"column":36},"end":{"line":77,"column":5}},"25":{"start":{"line":53,"column":6},"end":{"line":55,"column":7}},"26":{"start":{"line":54,"column":8},"end":{"line":54,"column":15}},"27":{"start":{"line":57,"column":6},"end":{"line":57,"column":30}},"28":{"start":{"line":58,"column":6},"end":{"line":76,"column":7}},"29":{"start":{"line":59,"column":23},"end":{"line":59,"column":62}},"30":{"start":{"line":60,"column":8},"end":{"line":60,"column":38}},"31":{"start":{"line":62,"column":8},"end":{"line":71,"column":9}},"32":{"start":{"line":63,"column":10},"end":{"line":63,"column":52}},"33":{"start":{"line":65,"column":10},"end":{"line":65,"column":44}},"34":{"start":{"line":67,"column":10},"end":{"line":70,"column":11}},"35":{"start":{"line":68,"column":27},"end":{"line":68,"column":70}},"36":{"start":{"line":69,"column":12},"end":{"line":69,"column":38}},"37":{"start":{"line":73,"column":8},"end":{"line":73,"column":68}},"38":{"start":{"line":75,"column":8},"end":{"line":75,"column":33}},"39":{"start":{"line":79,"column":4},"end":{"line":79,"column":30}},"40":{"start":{"line":82,"column":2},"end":{"line":108,"column":99}},"41":{"start":{"line":83,"column":30},"end":{"line":103,"column":5}},"42":{"start":{"line":84,"column":6},"end":{"line":88,"column":7}},"43":{"start":{"line":87,"column":8},"end":{"line":87,"column":15}},"44":{"start":{"line":90,"column":6},"end":{"line":102,"column":7}},"45":{"start":{"line":91,"column":8},"end":{"line":91,"column":42}},"46":{"start":{"line":93,"column":8},"end":{"line":99,"column":9}},"47":{"start":{"line":94,"column":25},"end":{"line":94,"column":68}},"48":{"start":{"line":95,"column":10},"end":{"line":95,"column":36}},"49":{"start":{"line":96,"column":10},"end":{"line":96,"column":42}},"50":{"start":{"line":98,"column":10},"end":{"line":98,"column":44}},"51":{"start":{"line":101,"column":8},"end":{"line":101,"column":62}},"52":{"start":{"line":105,"column":4},"end":{"line":107,"column":5}},"53":{"start":{"line":106,"column":6},"end":{"line":106,"column":26}},"54":{"start":{"line":110,"column":40},"end":{"line":128,"column":39}},"55":{"start":{"line":111,"column":4},"end":{"line":127,"column":5}},"56":{"start":{"line":112,"column":20},"end":{"line":112,"column":61}},"57":{"start":{"line":113,"column":21},"end":{"line":113,"column":60}},"58":{"start":{"line":114,"column":6},"end":{"line":114,"column":36}},"59":{"start":{"line":116,"column":6},"end":{"line":121,"column":7}},"60":{"start":{"line":117,"column":8},"end":{"line":117,"column":42}},"61":{"start":{"line":118,"column":23},"end":{"line":118,"column":66}},"62":{"start":{"line":119,"column":8},"end":{"line":119,"column":34}},"63":{"start":{"line":120,"column":8},"end":{"line":120,"column":40}},"64":{"start":{"line":123,"column":6},"end":{"line":123,"column":54}},"65":{"start":{"line":125,"column":6},"end":{"line":125,"column":73}},"66":{"start":{"line":126,"column":6},"end":{"line":126,"column":54}},"67":{"start":{"line":130,"column":31},"end":{"line":154,"column":39}},"68":{"start":{"line":131,"column":4},"end":{"line":133,"column":5}},"69":{"start":{"line":132,"column":6},"end":{"line":132,"column":70}},"70":{"start":{"line":135,"column":4},"end":{"line":153,"column":5}},"71":{"start":{"line":136,"column":6},"end":{"line":136,"column":30}},"72":{"start":{"line":137,"column":6},"end":{"line":137,"column":40}},"73":{"start":{"line":139,"column":6},"end":{"line":144,"column":7}},"74":{"start":{"line":140,"column":23},"end":{"line":140,"column":66}},"75":{"start":{"line":141,"column":8},"end":{"line":141,"column":34}},"76":{"start":{"line":142,"column":8},"end":{"line":142,"column":40}},"77":{"start":{"line":143,"column":8},"end":{"line":143,"column":41}},"78":{"start":{"line":146,"column":6},"end":{"line":146,"column":40}},"79":{"start":{"line":147,"column":6},"end":{"line":147,"column":71}},"80":{"start":{"line":149,"column":6},"end":{"line":149,"column":64}},"81":{"start":{"line":150,"column":6},"end":{"line":150,"column":54}},"82":{"start":{"line":152,"column":6},"end":{"line":152,"column":31}},"83":{"start":{"line":156,"column":32},"end":{"line":179,"column":14}},"84":{"start":{"line":157,"column":4},"end":{"line":159,"column":5}},"85":{"start":{"line":158,"column":6},"end":{"line":158,"column":70}},"86":{"start":{"line":161,"column":4},"end":{"line":178,"column":5}},"87":{"start":{"line":162,"column":23},"end":{"line":162,"column":52}},"88":{"start":{"line":162,"column":43},"end":{"line":162,"column":51}},"89":{"start":{"line":164,"column":6},"end":{"line":174,"column":7}},"90":{"start":{"line":165,"column":23},"end":{"line":165,"column":66}},"91":{"start":{"line":166,"column":8},"end":{"line":166,"column":32}},"92":{"start":{"line":167,"column":8},"end":{"line":167,"column":42}},"93":{"start":{"line":168,"column":8},"end":{"line":168,"column":41}},"94":{"start":{"line":170,"column":8},"end":{"line":170,"column":42}},"95":{"start":{"line":171,"column":8},"end":{"line":171,"column":32}},"96":{"start":{"line":172,"column":8},"end":{"line":172,"column":42}},"97":{"start":{"line":173,"column":8},"end":{"line":173,"column":33}},"98":{"start":{"line":176,"column":6},"end":{"line":176,"column":65}},"99":{"start":{"line":177,"column":6},"end":{"line":177,"column":54}},"100":{"start":{"line":181,"column":37},"end":{"line":195,"column":8}},"101":{"start":{"line":182,"column":4},"end":{"line":184,"column":5}},"102":{"start":{"line":183,"column":6},"end":{"line":183,"column":70}},"103":{"start":{"line":186,"column":4},"end":{"line":194,"column":5}},"104":{"start":{"line":187,"column":21},"end":{"line":187,"column":56}},"105":{"start":{"line":188,"column":6},"end":{"line":188,"column":30}},"106":{"start":{"line":189,"column":6},"end":{"line":189,"column":40}},"107":{"start":{"line":190,"column":6},"end":{"line":190,"column":39}},"108":{"start":{"line":192,"column":6},"end":{"line":192,"column":71}},"109":{"start":{"line":193,"column":6},"end":{"line":193,"column":54}},"110":{"start":{"line":197,"column":2},"end":{"line":208,"column":4}}},"fnMap":{"0":{"name":"(anonymous_0)","decl":{"start":{"line":13,"column":38},"end":{"line":13,"column":39}},"loc":{"start":{"line":13,"column":44},"end":{"line":209,"column":1}},"line":13},"1":{"name":"(anonymous_1)","decl":{"start":{"line":14,"column":29},"end":{"line":14,"column":30}},"loc":{"start":{"line":14,"column":40},"end":{"line":14,"column":59}},"line":14},"2":{"name":"(anonymous_2)","decl":{"start":{"line":20,"column":45},"end":{"line":20,"column":46}},"loc":{"start":{"line":21,"column":4},"end":{"line":27,"column":7}},"line":21},"3":{"name":"(anonymous_3)","decl":{"start":{"line":21,"column":15},"end":{"line":21,"column":16}},"loc":{"start":{"line":21,"column":25},"end":{"line":27,"column":5}},"line":21},"4":{"name":"(anonymous_4)","decl":{"start":{"line":30,"column":40},"end":{"line":30,"column":41}},"loc":{"start":{"line":31,"column":4},"end":{"line":31,"column":46}},"line":31},"5":{"name":"(anonymous_5)","decl":{"start":{"line":34,"column":46},"end":{"line":34,"column":47}},"loc":{"start":{"line":34,"column":58},"end":{"line":49,"column":3}},"line":34},"6":{"name":"(anonymous_6)","decl":{"start":{"line":51,"column":12},"end":{"line":51,"column":13}},"loc":{"start":{"line":51,"column":18},"end":{"line":80,"column":3}},"line":51},"7":{"name":"(anonymous_7)","decl":{"start":{"line":52,"column":36},"end":{"line":52,"column":37}},"loc":{"start":{"line":52,"column":48},"end":{"line":77,"column":5}},"line":52},"8":{"name":"(anonymous_8)","decl":{"start":{"line":82,"column":12},"end":{"line":82,"column":13}},"loc":{"start":{"line":82,"column":18},"end":{"line":108,"column":3}},"line":82},"9":{"name":"(anonymous_9)","decl":{"start":{"line":83,"column":30},"end":{"line":83,"column":31}},"loc":{"start":{"line":83,"column":42},"end":{"line":103,"column":5}},"line":83},"10":{"name":"(anonymous_10)","decl":{"start":{"line":110,"column":52},"end":{"line":110,"column":53}},"loc":{"start":{"line":110,"column":64},"end":{"line":128,"column":3}},"line":110},"11":{"name":"(anonymous_11)","decl":{"start":{"line":130,"column":43},"end":{"line":130,"column":44}},"loc":{"start":{"line":130,"column":55},"end":{"line":154,"column":3}},"line":130},"12":{"name":"(anonymous_12)","decl":{"start":{"line":156,"column":44},"end":{"line":156,"column":45}},"loc":{"start":{"line":156,"column":56},"end":{"line":179,"column":3}},"line":156},"13":{"name":"(anonymous_13)","decl":{"start":{"line":162,"column":34},"end":{"line":162,"column":35}},"loc":{"start":{"line":162,"column":43},"end":{"line":162,"column":51}},"line":162},"14":{"name":"(anonymous_14)","decl":{"start":{"line":181,"column":49},"end":{"line":181,"column":50}},"loc":{"start":{"line":181,"column":61},"end":{"line":195,"column":3}},"line":181}},"branchMap":{"0":{"loc":{"start":{"line":35,"column":4},"end":{"line":37,"column":5}},"type":"if","locations":[{"start":{"line":35,"column":4},"end":{"line":37,"column":5}},{"start":{},"end":{}}],"line":35},"1":{"loc":{"start":{"line":43,"column":8},"end":{"line":43,"column":38}},"type":"if","locations":[{"start":{"line":43,"column":8},"end":{"line":43,"column":38}},{"start":{},"end":{}}],"line":43},"2":{"loc":{"start":{"line":53,"column":6},"end":{"line":55,"column":7}},"type":"if","locations":[{"start":{"line":53,"column":6},"end":{"line":55,"column":7}},{"start":{},"end":{}}],"line":53},"3":{"loc":{"start":{"line":62,"column":8},"end":{"line":71,"column":9}},"type":"if","locations":[{"start":{"line":62,"column":8},"end":{"line":71,"column":9}},{"start":{},"end":{}}],"line":62},"4":{"loc":{"start":{"line":67,"column":10},"end":{"line":70,"column":11}},"type":"if","locations":[{"start":{"line":67,"column":10},"end":{"line":70,"column":11}},{"start":{},"end":{}}],"line":67},"5":{"loc":{"start":{"line":84,"column":6},"end":{"line":88,"column":7}},"type":"if","locations":[{"start":{"line":84,"column":6},"end":{"line":88,"column":7}},{"start":{},"end":{}}],"line":84},"6":{"loc":{"start":{"line":84,"column":10},"end":{"line":86,"column":24}},"type":"binary-expr","locations":[{"start":{"line":84,"column":10},"end":{"line":84,"column":41}},{"start":{"line":85,"column":10},"end":{"line":85,"column":42}},{"start":{"line":86,"column":10},"end":{"line":86,"column":24}}],"line":84},"7":{"loc":{"start":{"line":93,"column":8},"end":{"line":99,"column":9}},"type":"if","locations":[{"start":{"line":93,"column":8},"end":{"line":99,"column":9}},{"start":{"line":97,"column":15},"end":{"line":99,"column":9}}],"line":93},"8":{"loc":{"start":{"line":105,"column":4},"end":{"line":107,"column":5}},"type":"if","locations":[{"start":{"line":105,"column":4},"end":{"line":107,"column":5}},{"start":{},"end":{}}],"line":105},"9":{"loc":{"start":{"line":105,"column":8},"end":{"line":105,"column":59}},"type":"binary-expr","locations":[{"start":{"line":105,"column":8},"end":{"line":105,"column":40}},{"start":{"line":105,"column":44},"end":{"line":105,"column":59}}],"line":105},"10":{"loc":{"start":{"line":116,"column":6},"end":{"line":121,"column":7}},"type":"if","locations":[{"start":{"line":116,"column":6},"end":{"line":121,"column":7}},{"start":{},"end":{}}],"line":116},"11":{"loc":{"start":{"line":116,"column":10},"end":{"line":116,"column":51}},"type":"binary-expr","locations":[{"start":{"line":116,"column":10},"end":{"line":116,"column":30}},{"start":{"line":116,"column":34},"end":{"line":116,"column":51}}],"line":116},"12":{"loc":{"start":{"line":131,"column":4},"end":{"line":133,"column":5}},"type":"if","locations":[{"start":{"line":131,"column":4},"end":{"line":133,"column":5}},{"start":{},"end":{}}],"line":131},"13":{"loc":{"start":{"line":139,"column":6},"end":{"line":144,"column":7}},"type":"if","locations":[{"start":{"line":139,"column":6},"end":{"line":144,"column":7}},{"start":{},"end":{}}],"line":139},"14":{"loc":{"start":{"line":157,"column":4},"end":{"line":159,"column":5}},"type":"if","locations":[{"start":{"line":157,"column":4},"end":{"line":159,"column":5}},{"start":{},"end":{}}],"line":157},"15":{"loc":{"start":{"line":164,"column":6},"end":{"line":174,"column":7}},"type":"if","locations":[{"start":{"line":164,"column":6},"end":{"line":174,"column":7}},{"start":{"line":169,"column":13},"end":{"line":174,"column":7}}],"line":164},"16":{"loc":{"start":{"line":182,"column":4},"end":{"line":184,"column":5}},"type":"if","locations":[{"start":{"line":182,"column":4},"end":{"line":184,"column":5}},{"start":{},"end":{}}],"line":182}},"s":{"0":1,"1":78,"2":101,"3":78,"4":78,"5":78,"6":78,"7":78,"8":23,"9":19,"10":78,"11":23,"12":78,"13":19,"14":0,"15":19,"16":19,"17":19,"18":23,"19":23,"20":3,"21":19,"22":0,"23":78,"24":18,"25":18,"26":0,"27":18,"28":18,"29":18,"30":18,"31":18,"32":16,"33":16,"34":16,"35":11,"36":10,"37":1,"38":18,"39":18,"40":78,"41":59,"42":21,"43":0,"44":21,"45":21,"46":21,"47":16,"48":15,"49":15,"50":5,"51":1,"52":59,"53":21,"54":78,"55":3,"56":3,"57":3,"58":3,"59":3,"60":0,"61":0,"62":0,"63":0,"64":3,"65":0,"66":0,"67":78,"68":6,"69":0,"70":6,"71":6,"72":6,"73":6,"74":5,"75":4,"76":4,"77":4,"78":1,"79":1,"80":1,"81":1,"82":6,"83":78,"84":2,"85":0,"86":2,"87":2,"88":2,"89":2,"90":2,"91":2,"92":2,"93":2,"94":0,"95":0,"96":0,"97":0,"98":0,"99":0,"100":78,"101":0,"102":0,"103":0,"104":0,"105":0,"106":0,"107":0,"108":0,"109":0,"110":78},"f":{"0":78,"1":101,"2":23,"3":19,"4":23,"5":19,"6":18,"7":18,"8":59,"9":21,"10":3,"11":6,"12":2,"13":2,"14":0},"b":{"0":[0,19],"1":[3,20],"2":[0,18],"3":[16,2],"4":[11,5],"5":[0,21],"6":[21,21,21],"7":[16,5],"8":[21,38],"9":[59,21],"10":[0,3],"11":[3,2],"12":[0,6],"13":[5,1],"14":[0,2],"15":[2,0],"16":[0,0]},"_coverageSchema":"1a1c01bbd47fc00a2c39e90264f33305004495a9","hash":"d92234c6bb7f87584ff125c5a04cd8c11c741573"}
,"/home/berkay/Documents/Projects/daily-habits-final/src/hooks/usePersistence.js": {"path":"/home/berkay/Documents/Projects/daily-habits-final/src/hooks/usePersistence.js","statementMap":{"0":{"start":{"line":6,"column":30},"end":{"line":77,"column":1}},"1":{"start":{"line":7,"column":42},"end":{"line":7,"column":56}},"2":{"start":{"line":8,"column":42},"end":{"line":8,"column":57}},"3":{"start":{"line":9,"column":21},"end":{"line":9,"column":33}},"4":{"start":{"line":12,"column":2},"end":{"line":24,"column":21}},"5":{"start":{"line":13,"column":4},"end":{"line":17,"column":33}},"6":{"start":{"line":14,"column":6},"end":{"line":16,"column":7}},"7":{"start":{"line":15,"column":8},"end":{"line":15,"column":88}},"8":{"start":{"line":19,"column":4},"end":{"line":23,"column":6}},"9":{"start":{"line":20,"column":6},"end":{"line":22,"column":7}},"10":{"start":{"line":21,"column":8},"end":{"line":21,"column":41}},"11":{"start":{"line":26,"column":2},"end":{"line":41,"column":9}},"12":{"start":{"line":27,"column":24},"end":{"line":38,"column":6}},"13":{"start":{"line":28,"column":20},"end":{"line":28,"column":40}},"14":{"start":{"line":30,"column":6},"end":{"line":37,"column":7}},"15":{"start":{"line":31,"column":8},"end":{"line":31,"column":30}},"16":{"start":{"line":32,"column":8},"end":{"line":35,"column":9}},"17":{"start":{"line":33,"column":10},"end":{"line":33,"column":43}},"18":{"start":{"line":34,"column":10},"end":{"line":34,"column":36}},"19":{"start":{"line":36,"column":8},"end":{"line":36,"column":30}},"20":{"start":{"line":40,"column":4},"end":{"line":40,"column":23}},"21":{"start":{"line":43,"column":22},"end":{"line":60,"column":3}},"22":{"start":{"line":44,"column":4},"end":{"line":44,"column":26}},"23":{"start":{"line":45,"column":4},"end":{"line":45,"column":27}},"24":{"start":{"line":47,"column":4},"end":{"line":49,"column":5}},"25":{"start":{"line":48,"column":6},"end":{"line":48,"column":39}},"26":{"start":{"line":51,"column":4},"end":{"line":55,"column":33}},"27":{"start":{"line":52,"column":6},"end":{"line":54,"column":7}},"28":{"start":{"line":53,"column":8},"end":{"line":53,"column":88}},"29":{"start":{"line":57,"column":4},"end":{"line":59,"column":7}},"30":{"start":{"line":58,"column":6},"end":{"line":58,"column":26}},"31":{"start":{"line":62,"column":35},"end":{"line":69,"column":3}},"32":{"start":{"line":63,"column":4},"end":{"line":63,"column":26}},"33":{"start":{"line":64,"column":4},"end":{"line"
[...]
5}},{"start":{},"end":{}}],"line":400},"50":{"loc":{"start":{"line":400,"column":8},"end":{"line":400,"column":46}},"type":"binary-expr","locations":[{"start":{"line":400,"column":8},"end":{"line":400,"column":21}},{"start":{"line":400,"column":25},"end":{"line":400,"column":46}}],"line":400},"51":{"loc":{"start":{"line":401,"column":63},"end":{"line":401,"column":101}},"type":"binary-expr","locations":[{"start":{"line":401,"column":63},"end":{"line":401,"column":82}},{"start":{"line":401,"column":86},"end":{"line":401,"column":101}}],"line":401},"52":{"loc":{"start":{"line":405,"column":4},"end":{"line":409,"column":5}},"type":"if","locations":[{"start":{"line":405,"column":4},"end":{"line":409,"column":5}},{"start":{"line":407,"column":11},"end":{"line":409,"column":5}}],"line":405},"53":{"loc":{"start":{"line":405,"column":8},"end":{"line":405,"column":48}},"type":"binary-expr","locations":[{"start":{"line":405,"column":8},"end":{"line":405,"column":22}},{"start":{"line":405,"column":26},"end":{"line":405,"column":48}}],"line":405},"54":{"loc":{"start":{"line":408,"column":57},"end":{"line":408,"column":102}},"type":"binary-expr","locations":[{"start":{"line":408,"column":57},"end":{"line":408,"column":78}},{"start":{"line":408,"column":82},"end":{"line":408,"column":102}}],"line":408},"55":{"loc":{"start":{"line":417,"column":2},"end":{"line":420,"column":3}},"type":"if","locations":[{"start":{"line":417,"column":2},"end":{"line":420,"column":3}},{"start":{},"end":{}}],"line":417},"56":{"loc":{"start":{"line":434,"column":2},"end":{"line":437,"column":3}},"type":"if","locations":[{"start":{"line":434,"column":2},"end":{"line":437,"column":3}},{"start":{},"end":{}}],"line":434}},"s":{"0":5,"1":5,"2":0,"3":17,"4":17,"5":17,"6":17,"7":0,"8":0,"9":17,"10":1,"11":1,"12":17,"13":17,"14":17,"15":17,"16":17,"17":17,"18":17,"19":6,"20":0,"21":0,"22":6,"23":1,"24":1,"25":1,"26":1,"27":0,"28":0,"29":5,"30":5,"31":1,"32":5,"33":5,"34":4,"35":4,"36":2,"37":2,"38":4,"39":1,"40":1,"41":3,"42":3,"43":0,"44":0,"45":0,"46":0,"47":1,"48":1,"49":3,"50":17,"51":0,"52":0,"53":17,"54":17,"55":17,"56":0,"57":0,"58":17,"59":17,"60":1,"61":16,"62":16,"63":16,"64":16,"65":16,"66":32,"67":16,"68":48,"69":16,"70":10,"71":10,"72":0,"73":10,"74":6,"75":3,"76":3,"77":3,"78":3,"79":0,"80":3,"81":0,"82":3,"83":3,"84":2,"85":2,"86":5,"87":5,"88":1,"89":1,"90":4,"91":4,"92":4,"93":4,"94":0,"95":4,"96":0,"97":4,"98":15,"99":2,"100":2,"101":22,"102":1,"103":21,"104":21,"105":16,"106":16,"107":16,"108":14,"109":15,"110":16,"111":5,"112":5,"113":0,"114":0,"115":0,"116":0,"117":0,"118":0,"119":0,"120":0,"121":0,"122":0,"123":0,"124":0,"125":0,"126":0,"127":0,"128":0,"129":0,"130":0,"131":0,"132":0,"133":0,"134":1,"135":0,"136":1,"137":1,"138":1,"139":0,"140":0,"141":3,"142":0,"143":0,"144":3,"145":3,"146":4,"147":4,"148":4,"149":3,"150":1,"151":0,"152":0,"153":3,"154":0,"155":0,"156":0,"157":0,"158":0,"159":0,"160":0,"161":0,"162":0,"163":0,"164":0,"165":0,"166":0,"167":0,"168":0,"169":0,"170":0,"171":0,"172":0,"173":0,"174":0,"175":0,"176":0,"177":0,"178":0,"179":0,"180":0,"181":0,"182":0,"183":0,"184":0,"185":0,"186":0,"187":0,"188":0,"189":0,"190":0,"191":0,"192":0,"193":0,"194":0,"195":0,"196":10,"197":0,"198":0,"199":10,"200":10,"201":10,"202":1,"203":0,"204":0,"205":1,"206":0,"207":0,"208":1,"209":1,"210":1,"211":3,"212":0,"213":0},"f":{"0":0,"1":17,"2":17,"3":6,"4":17,"5":16,"6":32,"7":48,"8":22,"9":16,"10":15,"11":0,"12":0,"13":1,"14":3,"15":0,"16":0,"17":10,"18":1,"19":1,"20":3},"b":{"0":[0,17],"1":[17],"2":[17,0],"3":[17,17],"4":[0,6],"5":[1,5],"6":[1,0],"7":[1,4],"8":[5,0],"9":[2,2],"10":[1,3],"11":[3,0],"12":[0,17],"13":[0,17],"14":[17,17],"15":[1,16],"16":[17,16,16,16,16,16],"17":[10,6],"18":[0,10],"19":[3,3],"20":[0,3],"21":[0,3],"22":[2,1],"23":[3,3],"24":[1,4],"25":[0,4],"26":[0,4],"27":[1,21],"28":[14,2],"29":[0,0],"30":[0,0],"31":[0,0],"32":[0,0],"33":[0,1],"34":[0,3],"35":[3,1],"36":[4,4],"37":[1,0],"38":[0],"39":[0,0],"40":[0,0],"41":[0,0],"42":[0,0],"43":[0,0],"44":[0,0],"45":[0,0],"46":[0,0],"47":[0,0],"48":[0,0],"49":[0,0],"50":[0,0],"51":[0,0],"52":[0,0],"53":[0,0],"54":[0,0],"55":[0,10],"56":[0,1]},"_coverageSchema":"1a1c01bbd47fc00a2c39e90264f33305004495a9","hash":"e98db69646e66a26c9244abac4f3568f0047885c"}
,"/home/berkay/Documents/Projects/daily-habits-final/src/utils/webNotifications.js": {"path":"/home/berkay/Documents/Projects/daily-habits-final/src/utils/webNotifications.js","statementMap":{"0":{"start":{"line":3,"column":36},"end":{"line":3,"column":63}},"1":{"start":{"line":7,"column":2},"end":{"line":9,"column":3}},"2":{"start":{"line":8,"column":4},"end":{"line":8,"column":16}},"3":{"start":{"line":11,"column":2},"end":{"line":17,"column":3}},"4":{"start":{"line":12,"column":23},"end":{"line":12,"column":61}},"5":{"start":{"line":13,"column":4},"end":{"line":13,"column":59}},"6":{"start":{"line":15,"column":4},"end":{"line":15,"column":70}},"7":{"start":{"line":16,"column":4},"end":{"line":16,"column":20}},"8":{"start":{"line":21,"column":2},"end":{"line":23,"column":3}},"9":{"start":{"line":22,"column":4},"end":{"line":22,"column":20}},"10":{"start":{"line":25,"column":2},"end":{"line":25,"column":33}},"11":{"start":{"line":29,"column":2},"end":{"line":31,"column":3}},"12":{"start":{"line":30,"column":4},"end":{"line":30,"column":16}},"13":{"start":{"line":33,"column":2},"end":{"line":51,"column":3}},"14":{"start":{"line":34,"column":25},"end":{"line":41,"column":6}},"15":{"start":{"line":43,"column":4},"end":{"line":45,"column":13}},"16":{"start":{"line":44,"column":6},"end":{"line":44,"column":27}},"17":{"start":{"line":47,"column":4},"end":{"line":47,"column":24}},"18":{"start":{"line":49,"column":4},"end":{"line":49,"column":60}},"19":{"start":{"line":50,"column":4},"end":{"line":50,"column":16}},"20":{"start":{"line":55,"column":2},"end":{"line":57,"column":3}},"21":{"start":{"line":56,"column":4},"end":{"line":56,"column":16}},"22":{"start":{"line":59,"column":14},"end":{"line":59,"column":34}},"23":{"start":{"line":60,"column":26},"end":{"line":60,"column":49}},"24":{"start":{"line":61,"column":16},"end":{"line":61,"column":37}},"25":{"start":{"line":63,"column":2},"end":{"line":66,"column":3}},"26":{"start":{"line":64,"column":4},"end":{"line":64,"column":77}},"27":{"start":{"line":65,"column":4},"end":{"line":65,"column":16}},"28":{"start":{"line":68,"column":25},"end":{"line":68,"column":56}},"29":{"start":{"line":70,"column":33},"end":{"line":70,"column":66}},"30":{"start":{"line":71,"column":2},"end":{"line":76,"column":4}},"31":{"start":{"line":78,"column":2},"end":{"line":78,"column":92}},"32":{"start":{"line":80,"column":20},"end":{"line":92,"column":11}},"33":{"start":{"line":81,"column":29},"end":{"line":81,"column":62}},"34":{"start":{"line":82,"column":4},"end":{"line":91,"column":5}},"35":{"start":{"line":83,"column":6},"end":{"line":87,"column":8}},"36":{"start":{"line":89,"column":6},"end":{"line":89,"column":46}},"37":{"start":{"line":90,"column":6},"end":{"line":90,"column":90}},"38":{"start":{"line":94,"column":2},"end":{"line":94,"column":108}},"39":{"start":{"line":96,"column":2},"end":{"line":96,"column":39}},"40":{"start":{"line":100,"column":2},"end":{"line":102,"column":3}},"41":{"start":{"line":101,"column":4},"end":{"line":101,"column":43}},"42":{"start":{"line":104,"column":33},"end":{"line":104,"column":66}},"43":{"start":{"line":105,"column":23},"end":{"line":105,"column":24}},"44":{"start":{"line":107,"column":2},"end":{"line":112,"column":5}},"45":{"start":{"line":108,"column":4},"end":{"line":111,"column":5}},"46":{"start":{"line":109,"column":6},"end":{"line":109,"column":52}},"47":{"start":{"line":110,"column":6},"end":{"line":110,"column":23}},"48":{"start":{"line":114,"column":2},"end":{"line":114,"column":92}},"49":{"start":{"line":116,"column":2},"end":{"line":116,"column":84}},"50":{"start":{"line":117,"column":2},"end":{"line":117,"column":54}},"51":{"start":{"line":121,"column":2},"end":{"line":123,"column":3}},"52":{"start":{"line":122,"column":4},"end":{"line":122,"column":43}},"53":{"start":{"line":125,"column":33},"end":{"line":125,"column":66}},"54":{"start":{"line":126,"column":25},"end":{"line":126,"column":67}},"55":{"start":{"line":128,"column":2},"end":{"line":128,"column":55}},"56":{"start":{"line":130,"column":2},"end":{"line":130,"column":67}},"57":{"start":{"line":131,"column":2},"end":{"line":131,"column":54}},"58":{"start":{"line":135,"column":2},"end":{"line":137,"column":3}},"59":{"start":{"line":136,"column":4},"end":{"line":136,"column":14}},"60":{"start":{"line":139,"column":33},"end":{"line":139,"column":66}},"61":{"start":{"line":140,"column":2},"end":{"line":142,"column":4}},"62":{"start":{"line":141,"column":4},"end":{"line":141,"column":48}},"63":{"start":{"line":146,"column":2},"end":{"line":148,"column":3}},"64":{"start":{"line":147,"column":4},"end":{"line":147,"column":11}},"65":{"start":{"line":150,"column":2},"end":{"line":150,"column":32}},"66":{"start":{"line":152,"column":2},"end":{"line":152,"column":34}},"67":{"start":{"line":156,"column":33},"end":{"line":156,"column":66}},"68":{"start":{"line":157,"column":14},"end":{"line":157,"column":34}},"69":{"start":{"line":159,"column":2},"end":{"line":179,"column":5}},"70":{"start":{"line":160,"column":18},"end":{"line":160,"column":50}},"71":{"start":{"line":162,"column":4},"end":{"line":178,"column":5}},"72":{"start":{"line":163,"column":6},"end":{"line":175,"column":16}},"73":{"start":{"line":164,"column":33},"end":{"line":164,"column":66}},"74":{"start":{"line":165,"column":8},"end":{"line":174,"column":9}},"75":{"start":{"line":166,"column":10},"end":{"line":170,"column":12}},"76":{"start":{"line":172,"column":10},"end":{"line":172,"column":50}},"77":{"start":{"line":173,"column":10},"end":{"line":173,"column":94}},"78":{"start":{"line":177,"column":6},"end":{"line":177,"column":52}},"79":{"start":{"line":181,"column":2},"end":{"line":181,"column":92}},"80":{"start":{"line":185,"column":33},"end":{"line":185,"column":66}},"81":{"start":{"line":186,"column":14},"end":{"line":186,"column":34}},"82":{"start":{"line":187,"column":19},"end":{"line":187,"column":38}},"83":{"start":{"line":189,"column":2},"end":{"line":194,"column":5}},"84":{"start":{"line":190,"column":25},"end":{"line":190,"column":63}},"85":{"start":{"line":191,"column":4},"end":{"line":193,"column":5}},"86":{"start":{"line":192,"column":6},"end":{"line":192,"column":52}},"87":{"start":{"line":196,"column":2},"end":{"line":196,"column":92}},"88":{"start":{"line":200,"column":2},"end":{"line":206,"column":3}},"89":{"start":{"line":201,"column":19},"end":{"line":201,"column":68}},"90":{"start":{"line":202,"column":4},"end":{"line":202,"column":44}},"91":{"start":{"line":204,"column":4},"end":{"line":204,"column":85}},"92":{"start":{"line":205,"column":4},"end":{"line":205,"column":14}}},"fnMap":{"0":{"name":"requestWebNotificationPermission","decl":{"start":{"line":6,"column":22},"end":{"line":6,"column":54}},"loc":{"start":{"line":6,"column":57},"end":{"line":18,"column":1}},"line":6},"1":{"name":"getWebNotificationPermissionStatus","decl":{"start":{"line":20,"column":16},"end":{"line":20,"column":50}},"loc":{"start":{"line":20,"column":53},"end":{"line":26,"column":1}},"line":20},"2":{"name":"showWebNotification","decl":{"start":{"line":28,"column":16},"end":{"line":28,"column":35}},"loc":{"start":{"line":28,"column":60},"end":{"line":52,"column":1}},"line":28},"3":{"name":"(anonymous_3)","decl":{"start":{"line":43,"column":15},"end":{"line":43,"column":16}},"loc":{"start":{"line":43,"column":21},"end":{"line":45,"column":5}},"line":43},"4":{"name":"scheduleWebNotification","decl":{"start":{"line":54,"column":16},"end":{"line":54,"column":39}},"loc":{"start":{"line":54,"column":75},"end":{"line":97,"column":1}},"line":54},"5":{"name":"(anonymous_5)","decl":{"start":{"line":80,"column":31},"end":{"line":80,"column":32}},"loc":{"start":{"line":80,"column":37},"end":{"line":92,"column":3}},"line":80},"6":{"name":"cancelWebNotifications","decl":{"start":{"line":99,"column":16},"end":{"line":99,"column":38}},"loc":{"start":{"line":99,"column":48},"end":{"line":118,"column":1}},"line":99},"7":{"name":"(anonymous_7)","decl":{"start":{"line":107,"column":46},"end":{"line":107,"column":47}},"loc":{"start":{"line":107,"column":64},"end":{"line":112,"column":3}},"line":107},"8":{"name":"cancelAllWebNotifications","decl":{"start":{"line":120,"column":16},"end":{"line":120,"column":41}},"loc":{"start":{"line":120,"column":44},"end":{"line":132,"column":1}},"line":120},"9":{"name":"getScheduledWebNotifications","decl":{"start":{"line":134,"column":16},"end":{"line":134,"column":44}},"loc":{"start":{"line":134,"column":54},"end":{"line":143,"column":1}},"line":134},"10":{"name":"(anonymous_10)","decl":{"start":{"line":140,"column":54},"end":{"line":140,"column":55}},"loc":{"start":{"line":141,"column":4},"end":{"line":141,"column":48}},"line":141},"11":{"name":"initializeWebNotifications","decl":{"start":{"line":145,"column":16},"end":{"line":145,"column":42}},"loc":{"start":{"line":145,"column":45},"end":{"line":153,"column":1}},"line":145},"12":{"name":"restoreScheduledNotifications","decl":{"start":{"line":155,"column":9},"end":{"line":155,"column":38}},"loc":{"start":{"line":155,"column":41},"end":{"line":182,"column":1}},"line":155},"13":{"name":"(anonymous_13)","decl":{"start":{"line":159,"column":49},"end":{"line":159,"column":50}},"loc":{"start":{"line":159,"column":85},"end":{"line":179,"column":3}},"line":159},"14":{"name":"(anonymous_14)","decl":{"start":{"line":163,"column":17},"end":{"line":163,"column":18}},"loc":{"start":{"line":163,"column":23},"end":{"line":175,"column":7}},"line":163},"15":{"name":"cleanupExpiredNotifications","decl":{"start":{"line":184,"column":9},"end":{"line":184,"column":36}},"loc":{"start":{"line":184,"column":39},"end":{"line":197,"column":1}},"line":184},"16":{"name":"(anonymous_16)","decl":{"start":{"line":189,"column":46},"end":{"line":189,"column":47}},"loc":{"start":{"line":189,"column":64},"end":{"line":194,"column":3}},"line":189},"17":{"name":"getStoredScheduledNotifications","decl":{"start":{"line":199,"column":9},"end":{"line":199,"column":40}},"loc":{"start":{"line":199,"column":43},"end":{"line":207,"column":1}},"line":199}},"branchMap":{"0":{"loc":{"start":{"line":7,"column":2},"end":{"line":9,"column":3}},"type":"if","locations":[{"start":{"line":7,"column":2},"end":{"line":9,"column":3}},{"start":{},"end":{}}],"line":7},"1":{"loc":{"start":{"line":7,"column":6},"end":{"line":7,"column":58}},"type":"binary-expr","locations":[{"start":{"line":7,"column":6},"end":{"line":7,"column":27}},{"start":{"line":7,"column":31},"end":{"line":7,"column":58}}],"line":7},"2":{"loc":{"start":{"line":13,"column":11},"end":{"line":13,"column":58}},"type":"cond-expr","locations":[{"start":{"line":13,"column":38},"end":{"line":13,"column":47}},{"start":{"line":13,"column":50},"end":{"line":13,"column":58}}],"line":13},"3":{"loc":{"start":{"line":21,"column":2},"end":{"line":23,"column":3}},"type":"if","locations":[{"start":{"line":21,"column":2},"end":{"line":23,"column":3}},{"start":{},"end":{}}],"line":21},"4":{"loc":{"start":{"line":21,"column":6},"end":{"line":21,"column":58}},"type":"binary-expr","locations":[{"start":{"line":21,"column":6},"end":{"line":21,"column":27}},{"start":{"line":21,"column":31},"end":{"line":21,"column":58}}],"line":21},"5":{"loc":{"start":{"line":28,"column":49},"end":{"line":28,"column":58}},"type":"default-arg","locations":[{"start":{"line":28,"column":56},"end":{"line":28,"column":58}}],"line":28},"6":{"loc":{"start":{"line":29,"column":2},"end":{"line":31,"column":3}},"type":"if","locations":[{"start":{"line":29,"column":2},"end":{"line":31,"column":3}},{"start":{},"end":{}}],"line":29},"7":{"loc":{"start":{"line":29,"column":6},"end":{"line":29,"column":99}},"type":"binary-expr","locations":[{"start":{"line":29,"column":6},"end":{"line":29,"column":27}},{"start":{"line":29,"column":31},"end":{"line":29,"column":58}},{"start":{"line":29,"column":62},"end":{"line":29,"column":99}}],"line":29},"8":{"loc":{"start":{"line":55,"column":2},"end":{"line":57,"column":3}},"type":"if","locations":[{"start":{"line":55,"column":2},"end":{"line":57,"column":3}},{"start":{},"end":{}}],"line":55},"9":{"loc":{"start":{"line":63,"column":2},"end":{"line":66,"column":3}},"type":"if","locations":[{"start":{"line":63,"column":2},"end":{"line":66,"column":3}},{"start":{},"end":{}}],"line":63},"10":{"loc":{"start":{"line":82,"column":4},"end":{"line":91,"column":5}},"type":"if","locations":[{"start":{"line":82,"column":4},"end":{"line":91,"column":5}},{"start":{},"end":{}}],"line":82},"11":{"loc":{"start":{"line":100,"column":2},"end":{"line":102,"column":3}},"type":"if","locations":[{"start":{"line":100,"column":2},"end":{"line":102,"column":3}},{"start":{},"end":{}}],"line":100},"12":{"loc":{"start":{"line":108,"column":4},"end":{"line":111,"column":5}},"type":"if","locations":[{"start":{"line":108,"column":4},"end":{"line":111,"column":5}},{"start":{},"end":{}}],"line":108},"13":{"loc":{"start":{"line":121,"column":2},"end":{"line":123,"column":3}},"type":"if","locations":[{"start":{"line":121,"column":2},"end":{"line":123,"column":3}},{"start":{},"end":{}}],"line":121},"14":{"loc":{"start":{"line":135,"column":2},"end":{"line":137,"column":3}},"type":"if","locations":[{"start":{"line":135,"column":2},"end":{"line":137,"column":3}},{"start":{},"end":{}}],"line":135},"15":{"loc":{"start":{"line":141,"column":4},"end":{"line":141,"column":48}},"type":"binary-expr","locations":[{"start":{"line":141,"column":4},"end":{"line":141,"column":12}},{"start":{"line":141,"column":16},"end":{"line":141,"column":48}}],"line":141},"16":{"loc":{"start":{"line":146,"column":2},"end":{"line":148,"column":3}},"type":"if","locations":[{"start":{"line":146,"column":2},"end":{"line":148,"column":3}},{"start":{},"end":{}}],"line":146},"17":{"loc":{"start":{"line":162,"column":4},"end":{"line":178,"column":5}},"type":"if","locations":[{"start":{"line":162,"column":4},"end":{"line":178,"column":5}},{"start":{"line":176,"column":11},"end":{"line":178,"column":5}}],"line":162},"18":{"loc":{"start":{"line":165,"column":8},"end":{"line":174,"column":9}},"type":"if","locations":[{"start":{"line":165,"column":8},"end":{"line":174,"column":9}},{"start":{},"end":{}}],"line":165},"19":{"loc":{"start":{"line":191,"column":4},"end":{"line":193,"column":5}},"type":"if","locations":[{"start":{"line":191,"column":4},"end":{"line":193,"column":5}},{"start":{},"end":{}}],"line":191},"20":{"loc":{"start":{"line":202,"column":11},"end":{"line":202,"column":43}},"type":"cond-expr","locations":[{"start":{"line":202,"column":20},"end":{"line":202,"column":38}},{"start":{"line":202,"column":41},"end":{"line":202,"column":43}}],"line":202}},"s":{"0":6,"1":5,"2":2,"3":3,"4":3,"5":3,"6":0,"7":0,"8":3,"9":2,"10":1,"11":3,"12":2,"13":1,"14":1,"15":1,"16":0,"17":1,"18":0,"19":0,"20":3,"21":1,"22":2,"23":2,"24":2,"25":2,"26":1,"27":1,"28":1,"29":1,"30":1,"31":1,"32":1,"33":0,"34":0,"35":0,"36":0,"37":0,"38":1,"39":1,"40":3,"41":1,"42":2,"43":2,"44":2,"45":3,"46":2,"47":2,"48":2,"49":2,"50":2,"51":2,"52":1,"53":1,"54":1,"55":1,"56":1,"57":1,"58":3,"59":1,"60":2,"61":2,"62":4,"63":2,"64":1,"65":1,"66":1,"67":1,"68":1,"69":1,"70":0,"71":0,"72":0,"73":0,"74":0,"75":0,"76":0,"77":0,"78":0,"79":1,"80":1,"81":1,"82":1,"83":1,"84":0,"85":0,"86":0,"87":1,"88":8,"89":8,"90":8,"91":0,"92":0},"f":{"0":5,"1":3,"2":3,"3":0,"4":3,"5":0,"6":3,"7":3,"8":2,"9":3,"10":4,"11":2,"12":1,"13":0,"14":0,"15":1,"16":0,"17":8},"b":{"0":[2,3],"1":[5,4],"2":[2,1],"3":[2,1],"4":[3,2],"5":[2],"6":[2,1],"7":[3,2,2],"8":[1,2],"9":[1,1],"10":[0,0],"11":[1,2],"12":[2,1],"13":[1,1],"14":[1,2],"15":[4,2],"16":[1,1],"17":[0,0],"18":[0,0],"19":[0,0],"20":[6,2]},"_coverageSchema":"1a1c01bbd47fc00a2c39e90264f33305004495a9","hash":"db736340068c9d88c9c8baee2fbe3c13c65eabfb"}
}
