TN:
SF:src/theme.js
FN:225,(anonymous_0)
FN:225,(anonymous_1)
FN:227,(anonymous_2)
FN:242,(anonymous_3)
FNF:4
FNH:0
FNDA:0,(anonymous_0)
FNDA:0,(anonymous_1)
FNDA:0,(anonymous_2)
FNDA:0,(anonymous_3)
DA:5,0
DA:56,0
DA:139,0
DA:222,0
DA:225,0
DA:227,0
DA:228,0
DA:229,0
DA:231,0
DA:232,0
DA:233,0
DA:235,0
DA:239,0
DA:242,0
DA:243,0
DA:246,0
DA:247,0
DA:248,0
DA:253,0
LF:19
LH:0
BRDA:227,0,0,0
BRDA:232,1,0,0
BRDA:232,1,1,0
BRDA:232,2,0,0
BRDA:232,2,1,0
BRDA:242,3,0,0
BRDA:243,4,0,0
BRDA:243,4,1,0
BRDA:243,4,2,0
BRDA:246,5,0,0
BRDA:246,5,1,0
BRDA:249,6,0,0
BRDA:249,6,1,0
BRDA:249,7,0,0
BRDA:249,7,1,0
BRDA:249,8,0,0
BRDA:249,8,1,0
BRDA:249,9,0,0
BRDA:249,9,1,0
BRDA:249,10,0,0
BRDA:249,10,1,0
BRF:21
BRH:0
end_of_record
TN:
SF:src/components/AppNavigator.js
FN:19,(anonymous_0)
FN:24,(anonymous_1)
FN:25,(anonymous_2)
FN:58,(anonymous_3)
FNF:4
FNH:0
FNDA:0,(anonymous_0)
FNDA:0,(anonymous_1)
FNDA:0,(anonymous_2)
FNDA:0,(anonymous_3)
DA:16,0
DA:17,0
DA:19,0
DA:20,0
DA:22,0
DA:24,0
DA:26,0
DA:27,0
DA:28,0
DA:58,0
DA:59,0
DA:61,0
LF:12
LH:0
BRDA:27,0,0,0
BRDA:27,0,1,0
BRF:2
BRH:0
end_of_record
TN:
SF:src/components/CustomButton.js
FN:7,(anonymous_0)
FN:17,(anonymous_1)
FN:49,(anonymous_2)
FN:70,(anonymous_3)
FNF:4
FNH:4
FNDA:10,(anonymous_0)
FNDA:10,(anonymous_1)
FNDA:10,(anonymous_2)
FNDA:2,(anonymous_3)
DA:7,1
DA:15,10
DA:17,10
DA:18,10
DA:23,10
DA:25,7
DA:30,1
DA:37,1
DA:42,1
DA:49,10
DA:50,10
DA:53,8
DA:58,1
DA:63,1
DA:70,10
DA:71,2
DA:72,1
DA:76,10
DA:103,1
LF:19
LH:19
BRDA:10,0,0,7
BRDA:11,1,0,8
BRDA:23,2,0,7
BRDA:23,2,1,1
BRDA:23,2,2,1
BRDA:23,2,3,1
BRDA:50,3,0,7
BRDA:50,3,1,8
BRDA:50,3,2,1
BRDA:50,3,3,1
BRDA:71,4,0,1
BRDA:71,4,1,1
BRDA:71,5,0,2
BRDA:71,5,1,1
BRDA:80,6,0,10
BRDA:80,6,1,2
BRDA:91,7,0,10
BRDA:91,7,1,2
BRF:18
BRH:18
end_of_record
TN:
SF:src/components/CustomInput.js
FN:6,(anonymous_0)
FNF:1
FNH:0
FNDA:0,(anonymous_0)
DA:6,0
DA:15,0
DA:17,0
DA:49,0
LF:4
LH:0
BRDA:19,0,0,0
BRDA:19,0,1,0
BRDA:28,1,0,0
BRDA:28,1,1,0
BRDA:40,2,0,0
BRDA:40,2,1,0
BRF:6
BRH:0
end_of_record
TN:
SF:src/components/ErrorScreen.js
FN:6,(anonymous_0)
FN:22,(anonymous_1)
FNF:2
FNH:0
FNDA:0,(anonymous_0)
FNDA:0,(anonymous_1)
DA:6,0
DA:7,0
DA:22,0
DA:23,0
DA:26,0
LF:5
LH:0
BRDA:12,0,0,0
BRDA:12,0,1,0
BRF:2
BRH:0
end_of_record
TN:
SF:src/components/HabitItem.js
FN:16,(anonymous_0)
FN:25,(anonymous_1)
FN:32,(anonymous_2)
FN:36,(anonymous_3)
FN:37,(anonymous_4)
FN:49,(anonymous_5)
FN:53,(anonymous_6)
FN:63,(anonymous_7)
FN:67,(anonymous_8)
FN:73,(anonymous_9)
FNF:10
FNH:9
FNDA:10,(anonymous_0)
FNDA:8,(anonymous_1)
FNDA:8,(anonymous_2)
FNDA:8,(anonymous_3)
FNDA:8,(anonymous_4)
FNDA:1,(anonymous_5)
FNDA:1,(anonymous_6)
FNDA:1,(anonymous_7)
FNDA:0,(anonymous_8)
FNDA:4,(anonymous_9)
DA:16,1
DA:17,10
DA:18,10
DA:19,10
DA:20,10
DA:22,10
DA:23,10
DA:25,10
DA:32,10
DA:33,8
DA:36,10
DA:37,8
DA:38,8
DA:39,8
DA:40,8
DA:42,0
DA:46,8
DA:49,10
DA:50,1
DA:53,10
DA:54,1
DA:55,1
DA:56,1
DA:58,0
DA:59,0
DA:63,10
DA:64,1
DA:67,10
DA:68,0
DA:69,0
DA:73,10
DA:74,4
DA:75,4
DA:76,4
DA:77,4
DA:78,4
DA:81,10
DA:187,1
LF:38
LH:33
BRDA:23,0,0,10
BRDA:23,0,1,9
BRDA:68,1,0,0
BRDA:68,1,1,0
BRDA:74,2,0,0
BRDA:74,2,1,4
BRDA:74,3,0,4
BRDA:74,3,1,4
BRDA:76,4,0,4
BRDA:76,4,1,0
BRDA:77,5,0,0
BRDA:77,5,1,4
BRDA:86,6,0,10
BRDA:86,6,1,2
BRDA:94,7,0,1
BRDA:94,7,1,9
BRDA:100,8,0,10
BRDA:100,8,1,1
BRDA:117,9,0,0
BRDA:117,9,1,10
BRDA:119,10,0,0
BRDA:119,10,1,10
BRDA:126,11,0,10
BRDA:126,11,1,1
BRDA:131,12,0,10
BRDA:131,12,1,9
BRDA:132,13,0,10
BRDA:132,13,1,9
BRDA:132,13,2,3
BRDA:137,14,0,7
BRDA:137,14,1,3
BRDA:137,15,0,10
BRDA:137,15,1,9
BRDA:144,16,0,10
BRDA:144,16,1,1
BRDA:146,17,0,10
BRDA:146,17,1,4
BRDA:155,18,0,10
BRDA:155,18,1,0
BRDA:165,19,0,0
BRDA:165,19,1,0
BRDA:177,20,0,2
BRDA:177,20,1,8
BRDA:179,21,0,2
BRDA:179,21,1,8
BRF:45
BRH:35
end_of_record
TN:
SF:src/components/LoadingScreen.js
FN:6,(anonymous_0)
FNF:1
FNH:0
FNDA:0,(anonymous_0)
DA:6,0
DA:7,0
DA:9,0
DA:16,0
LF:4
LH:0
BRF:0
BRH:0
end_of_record
TN:
SF:src/components/NetworkStatusIndicator.js
FN:7,(anonymous_0)
FNF:1
FNH:0
FNDA:0,(anonymous_0)
DA:7,0
DA:8,0
DA:10,0
DA:11,0
DA:14,0
DA:26,0
LF:6
LH:0
BRDA:10,0,0,0
BRDA:10,0,1,0
BRDA:10,1,0,0
BRDA:10,1,1,0
BRF:4
BRH:0
end_of_record
TN:
SF:src/components/SyncStatusIndicator.js
FN:9,(anonymous_0)
FN:10,(anonymous_1)
FN:15,(anonymous_2)
FNF:3
FNH:0
FNDA:0,(anonymous_0)
FNDA:0,(anonymous_1)
FNDA:0,(anonymous_2)
DA:9,0
DA:10,0
DA:11,0
DA:13,0
DA:15,0
DA:16,0
DA:17,0
DA:24,0
DA:25,0
DA:32,0
DA:33,0
DA:40,0
DA:41,0
DA:48,0
DA:49,0
DA:56,0
DA:63,0
DA:65,0
DA:66,0
DA:69,0
DA:70,0
DA:86,0
DA:105,0
LF:23
LH:0
BRDA:9,0,0,0
BRDA:16,1,0,0
BRDA:16,1,1,0
BRDA:24,2,0,0
BRDA:24,2,1,0
BRDA:32,3,0,0
BRDA:32,3,1,0
BRDA:40,4,0,0
BRDA:40,4,1,0
BRDA:48,5,0,0
BRDA:48,5,1,0
BRDA:65,6,0,0
BRDA:65,6,1,0
BRDA:69,7,0,0
BRDA:69,7,1,0
BRDA:74,8,0,0
BRDA:74,8,1,0
BRF:17
BRH:0
end_of_record
TN:
SF:src/config/apiConfig.js
FN:21,(anonymous_0)
FNF:1
FNH:1
FNDA:5,(anonymous_0)
DA:3,5
DA:21,5
DA:22,5
DA:23,0
DA:24,0
DA:27,5
DA:29,5
DA:31,5
DA:33,5
DA:34,5
DA:36,5
DA:43,5
DA:44,5
LF:13
LH:11
BRDA:22,0,0,5
BRDA:22,0,1,0
BRDA:23,1,0,0
BRDA:23,1,1,0
BRF:4
BRH:1
end_of_record
TN:
SF:src/config/appConfig.js
FN:162,(anonymous_0)
FN:165,(anonymous_1)
FN:168,(anonymous_2)
FN:173,(anonymous_3)
FN:181,(anonymous_4)
FN:185,(anonymous_5)
FN:217,(anonymous_6)
FNF:7
FNH:0
FNDA:0,(anonymous_0)
FNDA:0,(anonymous_1)
FNDA:0,(anonymous_2)
FNDA:0,(anonymous_3)
FNDA:0,(anonymous_4)
FNDA:0,(anonymous_5)
FNDA:0,(anonymous_6)
DA:2,0
DA:15,0
DA:23,0
DA:35,0
DA:48,0
DA:61,0
DA:143,0
DA:155,0
DA:161,0
DA:163,0
DA:166,0
DA:169,0
DA:173,0
DA:174,0
DA:175,0
DA:176,0
DA:178,0
DA:181,0
DA:182,0
DA:185,0
DA:186,0
DA:195,0
DA:217,0
DA:218,0
DA:219,0
DA:220,0
DA:223,0
DA:225,0
DA:234,0
LF:29
LH:0
BRDA:174,0,0,0
BRDA:174,0,1,0
BRDA:218,1,0,0
BRDA:218,1,1,0
BRDA:219,2,0,0
BRDA:219,2,1,0
BRF:6
BRH:0
end_of_record
TN:
SF:src/config/navigationConfig.js
FNF:0
FNH:0
DA:1,0
DA:11,0
DA:26,0
LF:3
LH:0
BRF:0
BRH:0
end_of_record
TN:
SF:src/config/webSupport.js
FN:39,(anonymous_0)
FN:49,(anonymous_1)
FN:56,(anonymous_2)
FNF:3
FNH:0
FNDA:0,(anonymous_0)
FNDA:0,(anonymous_1)
FNDA:0,(anonymous_2)
DA:5,0
DA:22,0
DA:38,0
DA:40,0
DA:41,0
DA:42,0
DA:46,0
DA:50,0
DA:56,0
DA:57,0
DA:60,0
LF:11
LH:0
BRDA:26,0,0,0
BRDA:26,0,1,0
BRDA:27,1,0,0
BRDA:27,1,1,0
BRDA:28,2,0,0
BRDA:28,2,1,0
BRDA:40,3,0,0
BRDA:40,3,1,0
BRDA:43,4,0,0
BRDA:43,4,1,0
BRDA:43,5,0,0
BRDA:43,5,1,0
BRDA:43,6,0,0
BRDA:43,6,1,0
BRDA:43,7,0,0
BRDA:43,7,1,0
BRDA:50,8,0,0
BRDA:50,8,1,0
BRDA:57,9,0,0
BRDA:57,9,1,0
BRF:20
BRH:0
end_of_record
TN:
SF:src/context/ThemeContext.js
FN:8,(anonymous_0)
FN:12,(anonymous_1)
FN:13,(anonymous_2)
FN:29,(anonymous_3)
FN:30,(anonymous_4)
FN:41,(anonymous_5)
FN:63,(anonymous_6)
FNF:7
FNH:6
FNDA:23,(anonymous_0)
FNDA:23,(anonymous_1)
FNDA:23,(anonymous_2)
FNDA:23,(anonymous_3)
FNDA:23,(anonymous_4)
FNDA:0,(anonymous_5)
FNDA:26,(anonymous_6)
DA:6,4
DA:8,4
DA:9,23
DA:10,23
DA:12,23
DA:13,23
DA:14,23
DA:15,23
DA:16,23
DA:17,0
DA:18,0
DA:19,0
DA:22,0
DA:26,23
DA:29,23
DA:30,23
DA:31,23
DA:32,23
DA:34,0
DA:38,23
DA:41,23
DA:42,0
DA:43,0
DA:44,0
DA:47,0
DA:48,0
DA:51,23
DA:63,26
LF:28
LH:18
BRDA:16,0,0,0
BRDA:16,0,1,23
BRDA:16,1,0,23
BRDA:16,1,1,0
BRDA:19,2,0,0
BRDA:19,2,1,0
BRDA:42,3,0,0
BRDA:42,3,1,0
BRDA:48,4,0,0
BRDA:48,4,1,0
BRDA:54,5,0,23
BRDA:54,5,1,0
BRF:12
BRH:3
end_of_record
TN:
SF:src/hooks/useAppInitialization.js
FN:10,(anonymous_0)
FN:15,(anonymous_1)
FN:16,(anonymous_2)
FN:31,(anonymous_3)
FN:35,(anonymous_4)
FN:43,(anonymous_5)
FN:49,(anonymous_6)
FN:52,(anonymous_7)
FN:57,(anonymous_8)
FNF:9
FNH:0
FNDA:0,(anonymous_0)
FNDA:0,(anonymous_1)
FNDA:0,(anonymous_2)
FNDA:0,(anonymous_3)
FNDA:0,(anonymous_4)
FNDA:0,(anonymous_5)
FNDA:0,(anonymous_6)
FNDA:0,(anonymous_7)
FNDA:0,(anonymous_8)
DA:10,0
DA:11,0
DA:12,0
DA:15,0
DA:16,0
DA:17,0
DA:18,0
DA:19,0
DA:20,0
DA:23,0
DA:25,0
DA:27,0
DA:31,0
DA:32,0
DA:35,0
DA:36,0
DA:38,0
DA:39,0
DA:43,0
DA:44,0
DA:45,0
DA:49,0
DA:50,0
DA:52,0
DA:53,0
DA:54,0
DA:57,0
DA:60,0
LF:28
LH:0
BRDA:18,0,0,0
BRDA:18,0,1,0
BRDA:38,1,0,0
BRDA:38,1,1,0
BRDA:38,2,0,0
BRDA:38,2,1,0
BRDA:50,3,0,0
BRDA:50,3,1,0
BRDA:50,4,0,0
BRDA:50,4,1,0
BRF:10
BRH:0
end_of_record
TN:
SF:src/hooks/useAppNavigation.js
FN:5,(anonymous_0)
FN:9,(anonymous_1)
FN:10,(anonymous_2)
FN:11,(anonymous_3)
FN:12,(anonymous_4)
FN:15,(anonymous_5)
FN:18,(anonymous_6)
FN:22,(anonymous_7)
FN:23,(anonymous_8)
FN:25,(anonymous_9)
FN:27,(anonymous_10)
FNF:11
FNH:0
FNDA:0,(anonymous_0)
FNDA:0,(anonymous_1)
FNDA:0,(anonymous_2)
FNDA:0,(anonymous_3)
FNDA:0,(anonymous_4)
FNDA:0,(anonymous_5)
FNDA:0,(anonymous_6)
FNDA:0,(anonymous_7)
FNDA:0,(anonymous_8)
FNDA:0,(anonymous_9)
FNDA:0,(anonymous_10)
DA:5,0
DA:6,0
DA:8,0
DA:9,0
DA:10,0
DA:11,0
DA:12,0
DA:15,0
DA:18,0
DA:22,0
DA:23,0
DA:25,0
DA:27,0
LF:13
LH:0
BRF:0
BRH:0
end_of_record
TN:
SF:src/hooks/useFeatureSettings.js
FN:7,(anonymous_0)
FN:11,(anonymous_1)
FN:12,(anonymous_2)
FN:18,(anonymous_3)
FN:34,(anonymous_4)
FN:42,(anonymous_5)
FN:53,(anonymous_6)
FN:60,(anonymous_7)
FNF:8
FNH:0
FNDA:0,(anonymous_0)
FNDA:0,(anonymous_1)
FNDA:0,(anonymous_2)
FNDA:0,(anonymous_3)
FNDA:0,(anonymous_4)
FNDA:0,(anonymous_5)
FNDA:0,(anonymous_6)
FNDA:0,(anonymous_7)
DA:5,0
DA:7,0
DA:8,0
DA:9,0
DA:11,0
DA:12,0
DA:13,0
DA:14,0
DA:15,0
DA:16,0
DA:18,0
DA:19,0
DA:22,0
DA:25,0
DA:27,0
DA:31,0
DA:34,0
DA:35,0
DA:36,0
DA:38,0
DA:42,0
DA:43,0
DA:44,0
DA:45,0
DA:46,0
DA:47,0
DA:48,0
DA:50,0
DA:53,0
DA:54,0
DA:60,0
DA:61,0
DA:64,0
DA:65,0
DA:66,0
DA:69,0
LF:36
LH:0
BRDA:15,0,0,0
BRDA:15,0,1,0
BRDA:44,1,0,0
BRDA:44,1,1,0
BRF:4
BRH:0
end_of_record
TN:
SF:src/hooks/useNotificationManager.js
FN:13,(anonymous_0)
FN:14,(anonymous_1)
FN:20,(anonymous_2)
FN:21,(anonymous_3)
FN:30,(anonymous_4)
FN:34,(anonymous_5)
FN:51,(anonymous_6)
FN:52,(anonymous_7)
FN:82,(anonymous_8)
FN:83,(anonymous_9)
FN:110,(anonymous_10)
FN:130,(anonymous_11)
FN:156,(anonymous_12)
FN:162,(anonymous_13)
FN:181,(anonymous_14)
FNF:15
FNH:14
FNDA:78,(anonymous_0)
FNDA:101,(anonymous_1)
FNDA:23,(anonymous_2)
FNDA:19,(anonymous_3)
FNDA:23,(anonymous_4)
FNDA:19,(anonymous_5)
FNDA:18,(anonymous_6)
FNDA:18,(anonymous_7)
FNDA:59,(anonymous_8)
FNDA:21,(anonymous_9)
FNDA:3,(anonymous_10)
FNDA:6,(anonymous_11)
FNDA:2,(anonymous_12)
FNDA:2,(anonymous_13)
FNDA:0,(anonymous_14)
DA:13,1
DA:14,101
DA:15,78
DA:16,78
DA:17,78
DA:18,78
DA:20,78
DA:21,23
DA:30,78
DA:31,23
DA:34,78
DA:35,19
DA:36,0
DA:39,19
DA:40,19
DA:41,19
DA:42,23
DA:43,23
DA:45,19
DA:47,0
DA:51,78
DA:52,18
DA:53,18
DA:54,0
DA:57,18
DA:58,18
DA:59,18
DA:60,18
DA:62,18
DA:63,16
DA:65,16
DA:67,16
DA:68,11
DA:69,10
DA:73,1
DA:75,18
DA:79,18
DA:82,78
DA:83,59
DA:84,21
DA:87,0
DA:90,21
DA:91,21
DA:93,21
DA:94,16
DA:95,15
DA:96,15
DA:98,5
DA:101,1
DA:105,59
DA:106,21
DA:110,78
DA:111,3
DA:112,3
DA:113,3
DA:114,3
DA:116,3
DA:117,0
DA:118,0
DA:119,0
DA:120,0
DA:123,3
DA:125,0
DA:126,0
DA:130,78
DA:131,6
DA:132,0
DA:135,6
DA:136,6
DA:137,6
DA:139,6
DA:140,5
DA:141,4
DA:142,4
DA:143,4
DA:146,1
DA:147,1
DA:149,1
DA:150,1
DA:152,6
DA:156,78
DA:157,2
DA:158,0
DA:161,2
DA:162,2
DA:164,2
DA:165,2
DA:166,2
DA:167,2
DA:168,2
DA:170,0
DA:171,0
DA:172,0
DA:173,0
DA:176,0
DA:177,0
DA:181,78
DA:182,0
DA:183,0
DA:186,0
DA:187,0
DA:188,0
DA:189,0
DA:190,0
DA:192,0
DA:193,0
DA:197,78
LF:107
LH:80
BRDA:35,0,0,0
BRDA:35,0,1,19
BRDA:43,1,0,3
BRDA:43,1,1,20
BRDA:53,2,0,0
BRDA:53,2,1,18
BRDA:62,3,0,16
BRDA:62,3,1,2
BRDA:67,4,0,11
BRDA:67,4,1,5
BRDA:84,5,0,0
BRDA:84,5,1,21
BRDA:84,6,0,21
BRDA:84,6,1,21
BRDA:84,6,2,21
BRDA:93,7,0,16
BRDA:93,7,1,5
BRDA:105,8,0,21
BRDA:105,8,1,38
BRDA:105,9,0,59
BRDA:105,9,1,21
BRDA:116,10,0,0
BRDA:116,10,1,3
BRDA:116,11,0,3
BRDA:116,11,1,2
BRDA:131,12,0,0
BRDA:131,12,1,6
BRDA:139,13,0,5
BRDA:139,13,1,1
BRDA:157,14,0,0
BRDA:157,14,1,2
BRDA:164,15,0,2
BRDA:164,15,1,0
BRDA:182,16,0,0
BRDA:182,16,1,0
BRF:35
BRH:26
end_of_record
TN:
SF:src/hooks/usePersistence.js
FN:6,(anonymous_0)
FN:12,(anonymous_1)
FN:13,(anonymous_2)
FN:19,(anonymous_3)
FN:26,(anonymous_4)
FN:27,(anonymous_5)
FN:43,(anonymous_6)
FN:51,(anonymous_7)
FN:57,(anonymous_8)
FN:62,(anonymous_9)
FNF:10
FNH:10
FNDA:23,(anonymous_0)
FNDA:17,(anonymous_1)
FNDA:5,(anonymous_2)
FNDA:17,(anonymous_3)
FNDA:12,(anonymous_4)
FNDA:4,(anonymous_5)
FNDA:2,(anonymous_6)
FNDA:1,(anonymous_7)
FNDA:2,(anonymous_8)
FNDA:2,(anonymous_9)
DA:6,1
DA:7,23
DA:8,23
DA:9,23
DA:12,23
DA:13,17
DA:14,5
DA:15,3
DA:19,17
DA:20,17
DA:21,12
DA:26,23
DA:27,12
DA:28,4
DA:30,4
DA:31,3
DA:32,3
DA:33,3
DA:34,3
DA:36,3
DA:40,12
DA:43,23
DA:44,2
DA:45,2
DA:47,2
DA:48,2
DA:51,2
DA:52,1
DA:53,1
DA:57,2
DA:58,2
DA:62,23
DA:63,2
DA:64,2
DA:65,2
DA:66,2
DA:68,2
DA:71,23
LF:38
LH:38
BRDA:14,0,0,3
BRDA:14,0,1,2
BRDA:20,1,0,12
BRDA:20,1,1,5
BRDA:30,2,0,3
BRDA:30,2,1,1
BRDA:32,3,0,3
BRDA:32,3,1,0
BRDA:47,4,0,2
BRDA:47,4,1,0
BRDA:52,5,0,1
BRDA:52,5,1,0
BRDA:64,6,0,2
BRDA:64,6,1,0
BRF:14
BRH:10
end_of_record
TN:
SF:src/redux/habitsSlice.js
FN:14,(anonymous_0)
FN:26,(anonymous_1)
FN:40,(anonymous_2)
FN:45,(anonymous_3)
FN:65,(anonymous_4)
FN:95,(anonymous_5)
FN:98,(anonymous_6)
FN:124,(anonymous_7)
FN:128,(anonymous_8)
FN:147,(anonymous_9)
FN:149,(anonymous_10)
FN:170,(anonymous_11)
FN:172,(anonymous_12)
FN:178,(anonymous_13)
FN:179,(anonymous_14)
FN:185,(anonymous_15)
FN:186,(anonymous_16)
FN:189,(anonymous_17)
FN:191,(anonymous_18)
FN:193,(anonymous_19)
FN:207,(anonymous_20)
FN:210,(anonymous_21)
FN:211,(anonymous_22)
FN:213,(anonymous_23)
FN:226,(anonymous_24)
FN:230,(anonymous_25)
FN:234,(anonymous_26)
FN:238,(anonymous_27)
FN:242,(anonymous_28)
FN:245,(anonymous_29)
FN:247,(anonymous_30)
FN:251,(anonymous_31)
FN:262,(anonymous_32)
FN:267,(anonymous_33)
FN:268,(anonymous_34)
FN:271,(anonymous_35)
FN:274,(anonymous_36)
FN:277,(anonymous_37)
FN:279,(anonymous_38)
FN:288,(anonymous_39)
FN:293,(anonymous_40)
FN:297,(anonymous_41)
FN:302,(anonymous_42)
FN:306,(anonymous_43)
FNF:44
FNH:22
FNDA:0,(anonymous_0)
FNDA:1,(anonymous_1)
FNDA:0,(anonymous_2)
FNDA:0,(anonymous_3)
FNDA:2,(anonymous_4)
FNDA:0,(anonymous_5)
FNDA:0,(anonymous_6)
FNDA:20,(anonymous_7)
FNDA:3,(anonymous_8)
FNDA:20,(anonymous_9)
FNDA:19,(anonymous_10)
FNDA:2,(anonymous_11)
FNDA:2,(anonymous_12)
FNDA:2,(anonymous_13)
FNDA:2,(anonymous_14)
FNDA:6,(anonymous_15)
FNDA:13,(anonymous_16)
FNDA:7,(anonymous_17)
FNDA:6,(anonymous_18)
FNDA:8,(anonymous_19)
FNDA:2,(anonymous_20)
FNDA:4,(anonymous_21)
FNDA:7,(anonymous_22)
FNDA:3,(anonymous_23)
FNDA:0,(anonymous_24)
FNDA:0,(anonymous_25)
FNDA:0,(anonymous_26)
FNDA:0,(anonymous_27)
FNDA:1,(anonymous_28)
FNDA:5,(anonymous_29)
FNDA:0,(anonymous_30)
FNDA:0,(anonymous_31)
FNDA:0,(anonymous_32)
FNDA:0,(anonymous_33)
FNDA:0,(anonymous_34)
FNDA:0,(anonymous_35)
FNDA:0,(anonymous_36)
FNDA:0,(anonymous_37)
FNDA:0,(anonymous_38)
FNDA:0,(anonymous_39)
FNDA:2,(anonymous_40)
FNDA:0,(anonymous_41)
FNDA:0,(anonymous_42)
FNDA:0,(anonymous_43)
DA:12,5
DA:15,0
DA:16,0
DA:17,0
DA:19,0
DA:24,5
DA:27,1
DA:28,1
DA:30,1
DA:32,0
DA:33,0
DA:38,5
DA:41,0
DA:42,0
DA:44,0
DA:45,0
DA:46,0
DA:49,0
DA:50,0
DA:51,0
DA:52,0
DA:56,0
DA:58,0
DA:63,5
DA:66,2
DA:67,2
DA:80,2
DA:81,2
DA:83,0
DA:86,2
DA:88,0
DA:93,5
DA:96,0
DA:97,0
DA:98,0
DA:100,0
DA:101,0
DA:104,0
DA:106,0
DA:107,0
DA:112,5
DA:120,5
DA:125,20
DA:126,20
DA:128,20
DA:129,1
DA:130,1
DA:133,19
DA:145,19
DA:148,20
DA:149,20
DA:150,20
DA:151,18
DA:152,1
DA:155,18
DA:157,18
DA:158,18
DA:159,12
DA:160,12
DA:162,6
DA:163,6
DA:164,3
DA:171,2
DA:172,2
DA:173,2
DA:174,2
DA:179,2
DA:180,2
DA:181,1
DA:186,13
DA:190,7
DA:191,7
DA:192,7
DA:193,5
DA:194,8
DA:195,7
DA:198,5
DA:199,1
DA:201,5
DA:202,0
DA:208,2
DA:209,2
DA:210,2
DA:211,7
DA:212,4
DA:213,3
DA:214,3
DA:215,2
DA:218,3
DA:219,0
DA:227,0
DA:231,0
DA:235,0
DA:239,0
DA:242,1
DA:246,5
DA:248,0
DA:252,0
DA:254,0
DA:255,0
DA:258,0
DA:259,0
DA:263,0
DA:264,0
DA:268,0
DA:272,0
DA:273,0
DA:274,0
DA:278,0
DA:279,0
DA:280,0
DA:281,0
DA:282,0
DA:283,0
DA:289,0
DA:290,0
DA:294,2
DA:298,0
DA:299,0
DA:303,0
DA:307,0
DA:308,0
DA:326,5
LF:123
LH:65
BRDA:17,0,0,0
BRDA:17,0,1,0
BRDA:46,1,0,0
BRDA:46,1,1,0
BRDA:49,2,0,0
BRDA:49,2,1,0
BRDA:51,3,0,0
BRDA:51,3,1,0
BRDA:70,4,0,2
BRDA:70,4,1,0
BRDA:71,5,0,2
BRDA:71,5,1,2
BRDA:72,6,0,0
BRDA:72,6,1,2
BRDA:72,7,0,2
BRDA:72,7,1,0
BRDA:100,8,0,0
BRDA:100,8,1,0
BRDA:126,9,0,20
BRDA:126,9,1,10
BRDA:128,10,0,1
BRDA:128,10,1,19
BRDA:128,11,0,20
BRDA:128,11,1,10
BRDA:136,12,0,19
BRDA:136,12,1,1
BRDA:137,13,0,19
BRDA:137,13,1,11
BRDA:138,14,0,10
BRDA:138,14,1,9
BRDA:138,15,0,19
BRDA:138,15,1,11
BRDA:150,16,0,18
BRDA:150,16,1,2
BRDA:151,17,0,1
BRDA:151,17,1,17
BRDA:158,18,0,12
BRDA:158,18,1,6
BRDA:163,19,0,3
BRDA:163,19,1,3
BRDA:173,20,0,2
BRDA:173,20,1,0
BRDA:180,21,0,1
BRDA:180,21,1,1
BRDA:180,22,0,2
BRDA:180,22,1,2
BRDA:192,23,0,5
BRDA:192,23,1,2
BRDA:194,24,0,7
BRDA:194,24,1,1
BRDA:198,25,0,1
BRDA:198,25,1,4
BRDA:201,26,0,0
BRDA:201,26,1,5
BRDA:201,27,0,5
BRDA:201,27,1,5
BRDA:201,27,2,5
BRDA:209,28,0,2
BRDA:209,28,1,0
BRDA:212,29,0,3
BRDA:212,29,1,1
BRDA:212,30,0,4
BRDA:212,30,1,3
BRDA:214,31,0,2
BRDA:214,31,1,1
BRDA:218,32,0,0
BRDA:218,32,1,3
BRDA:235,33,0,0
BRDA:235,33,1,0
BRDA:254,34,0,0
BRDA:254,34,1,0
BRDA:254,35,0,0
BRDA:254,35,1,0
BRDA:264,36,0,0
BRDA:264,36,1,0
BRDA:280,37,0,0
BRDA:280,37,1,0
BRDA:282,38,0,0
BRDA:282,38,1,0
BRDA:290,39,0,0
BRDA:290,39,1,0
BRDA:299,40,0,0
BRDA:299,40,1,0
BRF:83
BRH:50
end_of_record
TN:
SF:src/redux/store.js
FN:21,(anonymous_0)
FNF:1
FNH:0
FNDA:0,(anonymous_0)
DA:8,0
DA:15,0
DA:17,0
DA:22,0
DA:30,0
LF:5
LH:0
BRF:0
BRH:0
end_of_record
TN:
SF:src/redux/middleware/syncMiddleware.js
FN:4,(anonymous_0)
FN:4,(anonymous_1)
FN:5,(anonymous_2)
FN:27,(anonymous_3)
FN:37,(anonymous_4)
FNF:5
FNH:0
FNDA:0,(anonymous_0)
FNDA:0,(anonymous_1)
FNDA:0,(anonymous_2)
FNDA:0,(anonymous_3)
FNDA:0,(anonymous_4)
DA:4,0
DA:5,0
DA:6,0
DA:7,0
DA:15,0
DA:16,0
DA:17,0
DA:18,0
DA:19,0
DA:22,0
DA:23,0
DA:24,0
DA:25,0
DA:26,0
DA:28,0
DA:29,0
DA:30,0
DA:31,0
DA:33,0
DA:34,0
DA:38,0
DA:39,0
DA:40,0
DA:44,0
DA:47,0
DA:51,0
LF:26
LH:0
BRDA:15,0,0,0
BRDA:15,0,1,0
BRDA:16,1,0,0
BRDA:16,1,1,0
BRDA:33,2,0,0
BRDA:33,2,1,0
BRF:6
BRH:0
end_of_record
TN:
SF:src/screens/AddHabitScreen.js
FN:17,(anonymous_0)
FN:26,(anonymous_1)
FN:28,(anonymous_2)
FN:29,(anonymous_3)
FN:43,(anonymous_4)
FN:45,(anonymous_5)
FN:51,(anonymous_6)
FN:93,(anonymous_7)
FN:161,(anonymous_8)
FN:165,(anonymous_9)
FN:182,(anonymous_10)
FN:186,(anonymous_11)
FN:211,(anonymous_12)
FN:214,(anonymous_13)
FN:226,(anonymous_14)
FN:233,(anonymous_15)
FN:244,(anonymous_16)
FN:251,(anonymous_17)
FNF:18
FNH:0
FNDA:0,(anonymous_0)
FNDA:0,(anonymous_1)
FNDA:0,(anonymous_2)
FNDA:0,(anonymous_3)
FNDA:0,(anonymous_4)
FNDA:0,(anonymous_5)
FNDA:0,(anonymous_6)
FNDA:0,(anonymous_7)
FNDA:0,(anonymous_8)
FNDA:0,(anonymous_9)
FNDA:0,(anonymous_10)
FNDA:0,(anonymous_11)
FNDA:0,(anonymous_12)
FNDA:0,(anonymous_13)
FNDA:0,(anonymous_14)
FNDA:0,(anonymous_15)
FNDA:0,(anonymous_16)
FNDA:0,(anonymous_17)
DA:17,0
DA:18,0
DA:19,0
DA:20,0
DA:21,0
DA:22,0
DA:23,0
DA:24,0
DA:26,0
DA:28,0
DA:29,0
DA:30,0
DA:31,0
DA:32,0
DA:34,0
DA:38,0
DA:41,0
DA:43,0
DA:44,0
DA:45,0
DA:47,0
DA:51,0
DA:52,0
DA:53,0
DA:55,0
DA:56,0
DA:57,0
DA:60,0
DA:61,0
DA:62,0
DA:65,0
DA:66,0
DA:67,0
DA:70,0
DA:74,0
DA:75,0
DA:76,0
DA:79,0
DA:80,0
DA:81,0
DA:84,0
DA:91,0
DA:93,0
DA:95,0
DA:96,0
DA:100,0
DA:101,0
DA:103,0
DA:161,0
DA:166,0
DA:183,0
DA:186,0
DA:211,0
DA:215,0
DA:227,0
DA:228,0
DA:229,0
DA:234,0
DA:245,0
DA:246,0
DA:247,0
DA:252,0
DA:297,0
LF:63
LH:0
BRDA:44,0,0,0
BRDA:44,0,1,0
BRDA:55,1,0,0
BRDA:55,1,1,0
BRDA:60,2,0,0
BRDA:60,2,1,0
BRDA:65,3,0,0
BRDA:65,3,1,0
BRDA:70,4,0,0
BRDA:70,4,1,0
BRDA:70,5,0,0
BRDA:70,5,1,0
BRDA:70,5,2,0
BRDA:74,6,0,0
BRDA:74,6,1,0
BRDA:79,7,0,0
BRDA:79,7,1,0
BRDA:79,8,0,0
BRDA:79,8,1,0
BRDA:87,9,0,0
BRDA:87,9,1,0
BRDA:100,10,0,0
BRDA:100,10,1,0
BRDA:101,11,0,0
BRDA:101,11,1,0
BRDA:133,12,0,0
BRDA:133,12,1,0
BRDA:176,13,0,0
BRDA:176,13,1,0
BRDA:189,14,0,0
BRDA:189,14,1,0
BRDA:191,15,0,0
BRDA:191,15,1,0
BRDA:208,16,0,0
BRDA:208,16,1,0
BRDA:225,17,0,0
BRDA:225,17,1,0
BRDA:225,18,0,0
BRDA:225,18,1,0
BRDA:227,19,0,0
BRDA:227,19,1,0
BRDA:227,20,0,0
BRDA:227,20,1,0
BRDA:243,21,0,0
BRDA:243,21,1,0
BRDA:243,22,0,0
BRDA:243,22,1,0
BRDA:245,23,0,0
BRDA:245,23,1,0
BRDA:245,24,0,0
BRDA:245,24,1,0
BRDA:263,25,0,0
BRDA:263,25,1,0
BRDA:268,26,0,0
BRDA:268,26,1,0
BRDA:268,26,2,0
BRDA:282,27,0,0
BRDA:282,27,1,0
BRDA:282,27,2,0
BRF:59
BRH:0
end_of_record
TN:
SF:src/screens/DebugScreen.js
FN:26,(anonymous_0)
FN:34,(anonymous_1)
FN:42,(anonymous_2)
FN:51,(anonymous_3)
FN:53,(anonymous_4)
FN:74,(anonymous_5)
FN:75,(anonymous_6)
FN:115,(anonymous_7)
FN:123,(anonymous_8)
FN:131,(anonymous_9)
FN:137,(anonymous_10)
FN:149,(anonymous_11)
FN:153,(anonymous_12)
FN:171,(anonymous_13)
FN:175,(anonymous_14)
FN:200,(anonymous_15)
FN:244,(anonymous_16)
FN:248,(anonymous_17)
FN:270,(anonymous_18)
FN:274,(anonymous_19)
FN:296,(anonymous_20)
FN:300,(anonymous_21)
FN:322,(anonymous_22)
FN:326,(anonymous_23)
FN:348,(anonymous_24)
FNF:25
FNH:0
FNDA:0,(anonymous_0)
FNDA:0,(anonymous_1)
FNDA:0,(anonymous_2)
FNDA:0,(anonymous_3)
FNDA:0,(anonymous_4)
FNDA:0,(anonymous_5)
FNDA:0,(anonymous_6)
FNDA:0,(anonymous_7)
FNDA:0,(anonymous_8)
FNDA:0,(anonymous_9)
FNDA:0,(anonymous_10)
FNDA:0,(anonymous_11)
FNDA:0,(anonymous_12)
FNDA:0,(anonymous_13)
FNDA:0,(anonymous_14)
FNDA:0,(anonymous_15)
FNDA:0,(anonymous_16)
FNDA:0,(anonymous_17)
FNDA:0,(anonymous_18)
FNDA:0,(anonymous_19)
FNDA:0,(anonymous_20)
FNDA:0,(anonymous_21)
FNDA:0,(anonymous_22)
FNDA:0,(anonymous_23)
FNDA:0,(anonymous_24)
DA:24,0
DA:25,0
DA:27,0
DA:28,0
DA:30,0
DA:35,0
DA:36,0
DA:38,0
DA:43,0
DA:44,0
DA:46,0
DA:51,0
DA:52,0
DA:53,0
DA:61,0
DA:63,0
DA:64,0
DA:65,0
DA:66,0
DA:67,0
DA:68,0
DA:69,0
DA:70,0
DA:71,0
DA:72,0
DA:74,0
DA:75,0
DA:76,0
DA:85,0
DA:86,0
DA:88,0
DA:89,0
DA:90,0
DA:91,0
DA:92,0
DA:94,0
DA:95,0
DA:98,0
DA:99,0
DA:100,0
DA:101,0
DA:107,0
DA:108,0
DA:115,0
DA:116,0
DA:123,0
DA:124,0
DA:128,0
DA:131,0
DA:132,0
DA:133,0
DA:137,0
DA:138,0
DA:139,0
DA:140,0
DA:141,0
DA:142,0
DA:144,0
DA:145,0
DA:149,0
DA:150,0
DA:154,0
DA:155,0
DA:156,0
DA:157,0
DA:159,0
DA:160,0
DA:162,0
DA:171,0
DA:172,0
DA:176,0
DA:177,0
DA:178,0
DA:179,0
DA:180,0
DA:181,0
DA:186,0
DA:188,0
DA:189,0
DA:191,0
DA:200,0
DA:201,0
DA:202,0
DA:204,0
DA:205,0
DA:207,0
DA:212,0
DA:213,0
DA:215,0
DA:216,0
DA:218,0
DA:219,0
DA:220,0
DA:222,0
DA:223,0
DA:224,0
DA:230,0
DA:231,0
DA:234,0
DA:237,0
DA:238,0
DA:240,0
DA:244,0
DA:245,0
DA:249,0
DA:250,0
DA:251,0
DA:252,0
DA:253,0
DA:255,0
DA:258,0
DA:259,0
DA:261,0
DA:270,0
DA:271,0
DA:275,0
DA:276,0
DA:277,0
DA:278,0
DA:279,0
DA:281,0
DA:284,0
DA:285,0
DA:287,0
DA:296,0
DA:297,0
DA:301,0
DA:302,0
DA:303,0
DA:304,0
DA:305,0
DA:307,0
DA:310,0
DA:311,0
DA:313,0
DA:322,0
DA:323,0
DA:327,0
DA:328,0
DA:329,0
DA:330,0
DA:331,0
DA:333,0
DA:336,0
DA:337,0
DA:339,0
DA:348,0
DA:349,0
DA:364,0
DA:557,0
LF:150
LH:0
BRDA:27,0,0,0
BRDA:27,0,1,0
BRDA:35,1,0,0
BRDA:35,1,1,0
BRDA:43,2,0,0
BRDA:43,2,1,0
BRDA:77,3,0,0
BRDA:77,3,1,0
BRDA:78,4,0,0
BRDA:78,4,1,0
BRDA:79,5,0,0
BRDA:79,5,1,0
BRDA:80,6,0,0
BRDA:80,6,1,0
BRDA:92,7,0,0
BRDA:92,7,1,0
BRDA:104,8,0,0
BRDA:104,8,1,0
BRDA:132,9,0,0
BRDA:132,9,1,0
BRDA:132,10,0,0
BRDA:132,10,1,0
BRDA:184,11,0,0
BRDA:184,11,1,0
BRDA:215,12,0,0
BRDA:215,12,1,0
BRDA:227,13,0,0
BRDA:227,13,1,0
BRDA:252,14,0,0
BRDA:252,14,1,0
BRDA:253,15,0,0
BRDA:253,15,1,0
BRDA:278,16,0,0
BRDA:278,16,1,0
BRDA:304,17,0,0
BRDA:304,17,1,0
BRDA:330,18,0,0
BRDA:330,18,1,0
BRDA:368,19,0,0
BRDA:368,19,1,0
BRDA:380,20,0,0
BRDA:380,20,1,0
BRDA:383,21,0,0
BRDA:383,21,1,0
BRDA:391,22,0,0
BRDA:391,22,1,0
BRDA:400,23,0,0
BRDA:400,23,1,0
BRDA:403,24,0,0
BRDA:403,24,1,0
BRDA:403,24,2,0
BRDA:408,25,0,0
BRDA:408,25,1,0
BRDA:414,26,0,0
BRDA:414,26,1,0
BRDA:423,27,0,0
BRDA:423,27,1,0
BRDA:429,28,0,0
BRDA:429,28,1,0
BRDA:433,29,0,0
BRDA:433,29,1,0
BRDA:433,29,2,0
BRDA:439,30,0,0
BRDA:439,30,1,0
BRDA:445,31,0,0
BRDA:445,31,1,0
BRDA:453,32,0,0
BRDA:453,32,1,0
BRDA:459,33,0,0
BRDA:459,33,1,0
BRDA:467,34,0,0
BRDA:467,34,1,0
BRDA:473,35,0,0
BRDA:473,35,1,0
BRDA:482,36,0,0
BRDA:482,36,1,0
BRDA:487,37,0,0
BRDA:487,37,1,0
BRDA:493,38,0,0
BRDA:493,38,1,0
BRDA:498,39,0,0
BRDA:498,39,1,0
BRDA:507,40,0,0
BRDA:507,40,1,0
BRDA:513,41,0,0
BRDA:513,41,1,0
BRDA:520,42,0,0
BRDA:520,42,1,0
BRDA:526,43,0,0
BRDA:526,43,1,0
BRDA:538,44,0,0
BRDA:538,44,1,0
BRDA:541,45,0,0
BRDA:541,45,1,0
BRDA:547,46,0,0
BRDA:547,46,1,0
BRF:96
BRH:0
end_of_record
TN:
SF:src/screens/EditHabitScreen.js
FN:22,(anonymous_0)
FN:34,(anonymous_1)
FN:37,(anonymous_2)
FN:47,(anonymous_3)
FN:48,(anonymous_4)
FN:50,(anonymous_5)
FN:55,(anonymous_6)
FN:102,(anonymous_7)
FN:171,(anonymous_8)
FN:175,(anonymous_9)
FN:192,(anonymous_10)
FN:196,(anonymous_11)
FN:221,(anonymous_12)
FN:224,(anonymous_13)
FN:236,(anonymous_14)
FN:243,(anonymous_15)
FN:254,(anonymous_16)
FN:261,(anonymous_17)
FNF:18
FNH:0
FNDA:0,(anonymous_0)
FNDA:0,(anonymous_1)
FNDA:0,(anonymous_2)
FNDA:0,(anonymous_3)
FNDA:0,(anonymous_4)
FNDA:0,(anonymous_5)
FNDA:0,(anonymous_6)
FNDA:0,(anonymous_7)
FNDA:0,(anonymous_8)
FNDA:0,(anonymous_9)
FNDA:0,(anonymous_10)
FNDA:0,(anonymous_11)
FNDA:0,(anonymous_12)
FNDA:0,(anonymous_13)
FNDA:0,(anonymous_14)
FNDA:0,(anonymous_15)
FNDA:0,(anonymous_16)
FNDA:0,(anonymous_17)
DA:22,0
DA:23,0
DA:24,0
DA:25,0
DA:27,0
DA:28,0
DA:29,0
DA:30,0
DA:31,0
DA:32,0
DA:34,0
DA:35,0
DA:37,0
DA:38,0
DA:47,0
DA:48,0
DA:49,0
DA:50,0
DA:55,0
DA:56,0
DA:57,0
DA:58,0
DA:60,0
DA:61,0
DA:62,0
DA:65,0
DA:66,0
DA:67,0
DA:70,0
DA:71,0
DA:72,0
DA:75,0
DA:79,0
DA:80,0
DA:81,0
DA:84,0
DA:85,0
DA:86,0
DA:89,0
DA:96,0
DA:102,0
DA:104,0
DA:105,0
DA:107,0
DA:111,0
DA:112,0
DA:114,0
DA:171,0
DA:176,0
DA:193,0
DA:196,0
DA:221,0
DA:225,0
DA:237,0
DA:238,0
DA:239,0
DA:244,0
DA:255,0
DA:256,0
DA:257,0
DA:262,0
DA:307,0
LF:62
LH:0
BRDA:29,0,0,0
BRDA:29,0,1,0
BRDA:30,1,0,0
BRDA:30,1,1,0
BRDA:49,2,0,0
BRDA:49,2,1,0
BRDA:60,3,0,0
BRDA:60,3,1,0
BRDA:65,4,0,0
BRDA:65,4,1,0
BRDA:70,5,0,0
BRDA:70,5,1,0
BRDA:75,6,0,0
BRDA:75,6,1,0
BRDA:75,7,0,0
BRDA:75,7,1,0
BRDA:75,7,2,0
BRDA:77,8,0,0
BRDA:77,8,1,0
BRDA:79,9,0,0
BRDA:79,9,1,0
BRDA:84,10,0,0
BRDA:84,10,1,0
BRDA:84,11,0,0
BRDA:84,11,1,0
BRDA:92,12,0,0
BRDA:92,12,1,0
BRDA:111,13,0,0
BRDA:111,13,1,0
BRDA:112,14,0,0
BRDA:112,14,1,0
BRDA:144,15,0,0
BRDA:144,15,1,0
BRDA:186,16,0,0
BRDA:186,16,1,0
BRDA:199,17,0,0
BRDA:199,17,1,0
BRDA:201,18,0,0
BRDA:201,18,1,0
BRDA:218,19,0,0
BRDA:218,19,1,0
BRDA:235,20,0,0
BRDA:235,20,1,0
BRDA:235,21,0,0
BRDA:235,21,1,0
BRDA:237,22,0,0
BRDA:237,22,1,0
BRDA:237,23,0,0
BRDA:237,23,1,0
BRDA:253,24,0,0
BRDA:253,24,1,0
BRDA:253,25,0,0
BRDA:253,25,1,0
BRDA:255,26,0,0
BRDA:255,26,1,0
BRDA:255,27,0,0
BRDA:255,27,1,0
BRDA:273,28,0,0
BRDA:273,28,1,0
BRDA:276,29,0,0
BRDA:276,29,1,0
BRDA:278,30,0,0
BRDA:278,30,1,0
BRDA:278,30,2,0
BRDA:278,30,3,0
BRDA:290,31,0,0
BRDA:290,31,1,0
BRDA:292,32,0,0
BRDA:292,32,1,0
BRDA:292,32,2,0
BRDA:292,32,3,0
BRF:71
BRH:0
end_of_record
TN:
SF:src/screens/HomeScreen.js
FN:10,(anonymous_0)
FN:11,(anonymous_1)
FN:15,(anonymous_2)
FN:19,(anonymous_3)
FN:28,(anonymous_4)
FNF:5
FNH:0
FNDA:0,(anonymous_0)
FNDA:0,(anonymous_1)
FNDA:0,(anonymous_2)
FNDA:0,(anonymous_3)
FNDA:0,(anonymous_4)
DA:10,0
DA:11,0
DA:12,0
DA:13,0
DA:15,0
DA:16,0
DA:19,0
DA:20,0
DA:23,0
DA:28,0
DA:49,0
LF:11
LH:0
BRF:0
BRH:0
end_of_record
TN:
SF:src/screens/SettingsScreen.js
FN:14,(anonymous_0)
FN:27,(anonymous_1)
FN:40,(anonymous_2)
FN:48,(anonymous_3)
FN:61,(anonymous_4)
FN:65,(anonymous_5)
FNF:6
FNH:0
FNDA:0,(anonymous_0)
FNDA:0,(anonymous_1)
FNDA:0,(anonymous_2)
FNDA:0,(anonymous_3)
FNDA:0,(anonymous_4)
FNDA:0,(anonymous_5)
DA:14,0
DA:15,0
DA:16,0
DA:17,0
DA:18,0
DA:25,0
DA:27,0
DA:28,0
DA:29,0
DA:30,0
DA:36,0
DA:40,0
DA:41,0
DA:42,0
DA:43,0
DA:49,0
DA:57,0
DA:61,0
DA:62,0
DA:66,0
DA:67,0
DA:69,0
DA:71,0
DA:73,0
DA:74,0
DA:83,0
DA:84,0
DA:91,0
DA:220,0
LF:29
LH:0
BRDA:29,0,0,0
BRDA:29,0,1,0
BRDA:31,1,0,0
BRDA:31,1,1,0
BRDA:42,2,0,0
BRDA:42,2,1,0
BRDA:44,3,0,0
BRDA:44,3,1,0
BRDA:45,4,0,0
BRDA:45,4,1,0
BRDA:50,5,0,0
BRDA:50,5,1,0
BRDA:83,6,0,0
BRDA:83,6,1,0
BRDA:128,7,0,0
BRDA:128,7,1,0
BRDA:149,8,0,0
BRDA:149,8,1,0
BRDA:169,9,0,0
BRDA:169,9,1,0
BRDA:171,10,0,0
BRDA:171,10,1,0
BRDA:177,11,0,0
BRDA:177,11,1,0
BRF:24
BRH:0
end_of_record
TN:
SF:src/screens/StatsScreen.js
FN:9,(anonymous_0)
FN:10,(anonymous_1)
FN:15,(anonymous_2)
FN:18,(anonymous_3)
FN:63,(anonymous_4)
FNF:5
FNH:0
FNDA:0,(anonymous_0)
FNDA:0,(anonymous_1)
FNDA:0,(anonymous_2)
FNDA:0,(anonymous_3)
FNDA:0,(anonymous_4)
DA:9,0
DA:10,0
DA:11,0
DA:12,0
DA:14,0
DA:15,0
DA:16,0
DA:18,0
DA:19,0
DA:21,0
DA:64,0
DA:78,0
LF:12
LH:0
BRDA:18,0,0,0
BRDA:18,0,1,0
BRDA:19,1,0,0
BRDA:19,1,1,0
BRDA:70,2,0,0
BRDA:70,2,1,0
BRF:6
BRH:0
end_of_record
TN:
SF:src/screens/SyncScreen.js
FN:21,(anonymous_0)
FN:24,(anonymous_1)
FN:30,(anonymous_2)
FN:31,(anonymous_3)
FN:35,(anonymous_4)
FN:38,(anonymous_5)
FN:43,(anonymous_6)
FN:71,(anonymous_7)
FN:97,(anonymous_8)
FNF:9
FNH:0
FNDA:0,(anonymous_0)
FNDA:0,(anonymous_1)
FNDA:0,(anonymous_2)
FNDA:0,(anonymous_3)
FNDA:0,(anonymous_4)
FNDA:0,(anonymous_5)
FNDA:0,(anonymous_6)
FNDA:0,(anonymous_7)
FNDA:0,(anonymous_8)
DA:21,0
DA:22,0
DA:23,0
DA:24,0
DA:25,0
DA:26,0
DA:28,0
DA:30,0
DA:31,0
DA:32,0
DA:35,0
DA:38,0
DA:39,0
DA:40,0
DA:43,0
DA:44,0
DA:45,0
DA:49,0
DA:52,0
DA:53,0
DA:57,0
DA:60,0
DA:61,0
DA:62,0
DA:63,0
DA:65,0
DA:67,0
DA:71,0
DA:72,0
DA:73,0
DA:77,0
DA:80,0
DA:81,0
DA:85,0
DA:88,0
DA:89,0
DA:90,0
DA:91,0
DA:93,0
DA:97,0
DA:98,0
DA:99,0
DA:103,0
DA:106,0
DA:107,0
DA:111,0
DA:114,0
DA:115,0
DA:116,0
DA:118,0
DA:122,0
DA:310,0
LF:52
LH:0
BRDA:39,0,0,0
BRDA:39,0,1,0
BRDA:44,1,0,0
BRDA:44,1,1,0
BRDA:52,2,0,0
BRDA:52,2,1,0
BRDA:72,3,0,0
BRDA:72,3,1,0
BRDA:80,4,0,0
BRDA:80,4,1,0
BRDA:93,5,0,0
BRDA:93,5,1,0
BRDA:98,6,0,0
BRDA:98,6,1,0
BRDA:106,7,0,0
BRDA:106,7,1,0
BRDA:118,8,0,0
BRDA:118,8,1,0
BRDA:134,9,0,0
BRDA:134,9,1,0
BRDA:162,10,0,0
BRDA:162,10,1,0
BRDA:164,11,0,0
BRDA:164,11,1,0
BRDA:167,12,0,0
BRDA:167,12,1,0
BRDA:182,13,0,0
BRDA:182,13,1,0
BRDA:183,14,0,0
BRDA:183,14,1,0
BRDA:184,15,0,0
BRDA:184,15,1,0
BRDA:185,16,0,0
BRDA:185,16,1,0
BRDA:190,17,0,0
BRDA:190,17,1,0
BRDA:191,18,0,0
BRDA:191,18,1,0
BRDA:192,19,0,0
BRDA:192,19,1,0
BRDA:193,20,0,0
BRDA:193,20,1,0
BRDA:198,21,0,0
BRDA:198,21,1,0
BRDA:199,22,0,0
BRDA:199,22,1,0
BRDA:200,23,0,0
BRDA:200,23,1,0
BRDA:201,24,0,0
BRDA:201,24,1,0
BRDA:205,25,0,0
BRDA:205,25,1,0
BRDA:205,25,2,0
BRDA:226,26,0,0
BRDA:226,26,1,0
BRDA:226,27,0,0
BRDA:226,27,1,0
BRDA:226,27,2,0
BRDA:229,28,0,0
BRDA:229,28,1,0
BRDA:229,28,2,0
BRDA:244,29,0,0
BRDA:244,29,1,0
BRDA:244,30,0,0
BRDA:244,30,1,0
BRDA:244,30,2,0
BRDA:247,31,0,0
BRDA:247,31,1,0
BRDA:247,31,2,0
BRDA:260,32,0,0
BRDA:260,32,1,0
BRDA:274,33,0,0
BRDA:274,33,1,0
BRF:73
BRH:0
end_of_record
TN:
SF:src/utils/api.js
FN:6,(anonymous_0)
FN:24,(anonymous_1)
FN:51,(anonymous_2)
FN:62,(anonymous_3)
FN:70,(anonymous_4)
FNF:5
FNH:0
FNDA:0,(anonymous_0)
FNDA:0,(anonymous_1)
FNDA:0,(anonymous_2)
FNDA:0,(anonymous_3)
FNDA:0,(anonymous_4)
DA:6,5
DA:7,0
DA:8,0
DA:11,0
DA:12,0
DA:13,0
DA:14,0
DA:17,0
DA:23,0
DA:24,0
DA:26,0
DA:27,0
DA:33,0
DA:35,0
DA:36,0
DA:39,0
DA:41,0
DA:44,0
DA:45,0
DA:47,0
DA:51,5
DA:52,0
DA:53,0
DA:56,0
DA:62,5
DA:63,0
DA:64,0
DA:67,0
DA:70,5
DA:71,0
LF:30
LH:4
BRDA:6,0,0,0
BRDA:7,1,0,0
BRDA:7,1,1,0
BRDA:13,2,0,0
BRDA:13,2,1,0
BRDA:20,3,0,0
BRDA:20,3,1,0
BRDA:35,4,0,0
BRDA:35,4,1,0
BRDA:36,5,0,0
BRDA:36,5,1,0
BRDA:44,6,0,0
BRDA:44,6,1,0
BRDA:52,7,0,0
BRDA:52,7,1,0
BRDA:63,8,0,0
BRDA:63,8,1,0
BRF:17
BRH:0
end_of_record
TN:
SF:src/utils/crossPlatformAlert.js
FN:4,(anonymous_0)
FN:7,(anonymous_1)
FN:8,(anonymous_2)
FN:9,(anonymous_3)
FN:35,(anonymous_4)
FN:41,(anonymous_5)
FN:47,(anonymous_6)
FNF:7
FNH:7
FNDA:14,(anonymous_0)
FNDA:4,(anonymous_1)
FNDA:6,(anonymous_2)
FNDA:4,(anonymous_3)
FNDA:2,(anonymous_4)
FNDA:2,(anonymous_5)
FNDA:3,(anonymous_6)
DA:4,1
DA:5,14
DA:6,6
DA:7,5
DA:8,6
DA:9,5
DA:11,5
DA:12,2
DA:13,2
DA:14,1
DA:15,1
DA:16,1
DA:19,3
DA:20,3
DA:21,1
DA:25,1
DA:26,1
DA:27,1
DA:31,8
DA:35,1
DA:36,2
DA:41,1
DA:42,2
DA:47,1
DA:48,3
LF:25
LH:25
BRDA:4,0,0,1
BRDA:4,1,0,13
BRDA:5,2,0,6
BRDA:5,2,1,8
BRDA:6,3,0,5
BRDA:6,3,1,1
BRDA:7,4,0,4
BRDA:7,4,1,2
BRDA:8,5,0,6
BRDA:8,5,1,4
BRDA:9,6,0,4
BRDA:9,6,1,2
BRDA:11,7,0,2
BRDA:11,7,1,3
BRDA:13,8,0,1
BRDA:13,8,1,1
BRDA:13,9,0,2
BRDA:13,9,1,1
BRDA:15,10,0,1
BRDA:15,10,1,0
BRDA:15,11,0,1
BRDA:15,11,1,1
BRDA:20,12,0,1
BRDA:20,12,1,2
BRDA:26,13,0,1
BRDA:26,13,1,0
BRDA:47,14,0,2
BRDA:47,15,0,2
BRF:28
BRH:26
end_of_record
TN:
SF:src/utils/deviceAuth.js
FN:12,(anonymous_0)
FN:19,(anonymous_1)
FN:26,(anonymous_2)
FN:35,(anonymous_3)
FN:43,(anonymous_4)
FN:58,(anonymous_5)
FN:66,(anonymous_6)
FN:74,(anonymous_7)
FN:89,(anonymous_8)
FN:105,(anonymous_9)
FN:136,(anonymous_10)
FN:145,(anonymous_11)
FNF:12
FNH:0
FNDA:0,(anonymous_0)
FNDA:0,(anonymous_1)
FNDA:0,(anonymous_2)
FNDA:0,(anonymous_3)
FNDA:0,(anonymous_4)
FNDA:0,(anonymous_5)
FNDA:0,(anonymous_6)
FNDA:0,(anonymous_7)
FNDA:0,(anonymous_8)
FNDA:0,(anonymous_9)
FNDA:0,(anonymous_10)
FNDA:0,(anonymous_11)
DA:9,5
DA:10,5
DA:11,5
DA:13,0
DA:14,0
DA:16,0
DA:20,0
DA:21,0
DA:23,0
DA:27,0
DA:28,0
DA:30,0
DA:35,5
DA:36,0
DA:37,0
DA:38,0
DA:40,0
DA:43,5
DA:44,0
DA:45,0
DA:47,0
DA:48,0
DA:49,0
DA:52,0
DA:54,0
DA:58,5
DA:59,0
DA:60,0
DA:62,0
DA:66,5
DA:67,0
DA:68,0
DA:70,0
DA:74,5
DA:75,0
DA:76,0
DA:79,0
DA:81,0
DA:82,0
DA:83,0
DA:85,0
DA:89,5
DA:90,0
DA:91,0
DA:94,0
DA:95,0
DA:96,0
DA:103,0
DA:104,0
DA:105,0
DA:107,0
DA:108,0
DA:117,0
DA:119,0
DA:121,0
DA:122,0
DA:125,0
DA:127,0
DA:129,0
DA:132,0
DA:136,5
DA:137,0
DA:138,0
DA:139,0
DA:141,0
DA:145,5
DA:146,0
DA:147,0
DA:148,0
DA:149,0
DA:151,0
DA:154,0
DA:156,0
DA:157,0
DA:160,0
LF:75
LH:11
BRDA:13,0,0,0
BRDA:13,0,1,0
BRDA:20,1,0,0
BRDA:20,1,1,0
BRDA:27,2,0,0
BRDA:27,2,1,0
BRDA:38,3,0,0
BRDA:38,3,1,0
BRDA:38,4,0,0
BRDA:38,4,1,0
BRDA:47,5,0,0
BRDA:47,5,1,0
BRDA:75,6,0,0
BRDA:75,6,1,0
BRDA:90,7,0,0
BRDA:90,7,1,0
BRDA:98,8,0,0
BRDA:98,8,1,0
BRDA:99,9,0,0
BRDA:99,9,1,0
BRDA:100,10,0,0
BRDA:100,10,1,0
BRDA:121,11,0,0
BRDA:121,11,1,0
BRDA:122,12,0,0
BRDA:122,12,1,0
BRDA:146,13,0,0
BRDA:146,13,1,0
BRDA:148,14,0,0
BRDA:148,14,1,0
BRDA:156,15,0,0
BRDA:156,15,1,0
BRF:32
BRH:0
end_of_record
TN:
SF:src/utils/dimensions.js
FN:8,(anonymous_0)
FN:9,(anonymous_1)
FN:10,(anonymous_2)
FN:15,(anonymous_3)
FNF:4
FNH:0
FNDA:0,(anonymous_0)
FNDA:0,(anonymous_1)
FNDA:0,(anonymous_2)
FNDA:0,(anonymous_3)
DA:4,0
DA:5,0
DA:6,0
DA:8,0
DA:9,0
DA:10,0
DA:11,0
DA:12,0
DA:13,0
DA:14,0
DA:15,0
DA:16,0
DA:17,0
DA:19,0
DA:21,0
DA:28,0
LF:16
LH:0
BRDA:10,0,0,0
BRDA:16,1,0,0
BRDA:16,1,1,0
BRF:3
BRH:0
end_of_record
TN:
SF:src/utils/notifications.js
FN:26,(anonymous_0)
FN:29,scheduleNotification
FN:57,getNextOccurrence
FN:70,registerForPushNotificationsAsync
FN:129,scheduleHabitNotification
FN:153,(anonymous_5)
FN:154,(anonymous_6)
FN:155,(anonymous_7)
FN:212,cancelHabitNotifications
FN:220,(anonymous_9)
FN:225,(anonymous_10)
FN:238,setupInitialNotifications
FN:253,sendTestNotification
FN:290,getNotificationPermissionStatus
FN:304,scheduleAllHabitNotifications
FN:332,cancelAllHabitNotifications
FN:392,rescheduleHabitNotification
FN:416,hasScheduledNotifications
FN:425,(anonymous_18)
FN:433,getHabitNotificationCount
FN:442,(anonymous_20)
FNF:21
FNH:16
FNDA:0,(anonymous_0)
FNDA:17,scheduleNotification
FNDA:17,getNextOccurrence
FNDA:6,registerForPushNotificationsAsync
FNDA:17,scheduleHabitNotification
FNDA:16,(anonymous_5)
FNDA:32,(anonymous_6)
FNDA:48,(anonymous_7)
FNDA:22,cancelHabitNotifications
FNDA:16,(anonymous_9)
FNDA:15,(anonymous_10)
FNDA:0,setupInitialNotifications
FNDA:0,sendTestNotification
FNDA:1,getNotificationPermissionStatus
FNDA:3,scheduleAllHabitNotifications
FNDA:0,cancelAllHabitNotifications
FNDA:0,rescheduleHabitNotification
FNDA:10,hasScheduledNotifications
FNDA:1,(anonymous_18)
FNDA:1,getHabitNotificationCount
FNDA:3,(anonymous_20)
DA:18,5
DA:25,5
DA:26,0
DA:30,17
DA:31,17
DA:32,17
DA:34,17
DA:35,0
DA:36,0
DA:39,17
DA:52,1
DA:53,1
DA:58,17
DA:59,17
DA:60,17
DA:61,17
DA:63,17
DA:64,17
DA:67,17
DA:71,6
DA:72,0
DA:73,0
DA:76,6
DA:77,1
DA:78,1
DA:79,1
DA:80,1
DA:82,0
DA:83,0
DA:89,5
DA:90,5
DA:91,1
DA:99,5
DA:100,5
DA:101,4
DA:102,4
DA:103,2
DA:104,2
DA:106,4
DA:107,1
DA:108,1
DA:111,3
DA:112,3
DA:114,0
DA:115,0
DA:118,0
DA:119,0
DA:122,1
DA:123,1
DA:126,3
DA:130,17
DA:131,0
DA:132,0
DA:135,17
DA:136,17
DA:138,17
DA:139,0
DA:140,0
DA:143,17
DA:145,17
DA:146,1
DA:149,16
DA:151,16
DA:153,16
DA:154,32
DA:155,48
DA:157,16
DA:158,10
DA:159,10
DA:160,0
DA:162,10
DA:164,6
DA:165,3
DA:166,3
DA:167,3
DA:169,3
DA:170,0
DA:173,3
DA:174,0
DA:176,3
DA:178,3
DA:179,2
DA:181,2
DA:182,5
DA:183,5
DA:184,1
DA:185,1
DA:188,4
DA:190,4
DA:191,4
DA:193,4
DA:194,0
DA:197,4
DA:198,0
DA:200,4
DA:205,15
DA:207,2
DA:208,2
DA:213,22
DA:214,1
DA:217,21
DA:218,21
DA:219,16
DA:220,16
DA:223,16
DA:224,14
DA:226,15
DA:231,16
DA:233,5
DA:234,5
DA:239,0
DA:240,0
DA:241,0
DA:244,0
DA:245,0
DA:246,0
DA:248,0
DA:249,0
DA:254,0
DA:255,0
DA:256,0
DA:259,0
DA:260,0
DA:266,0
DA:267,0
DA:269,0
DA:273,0
DA:274,0
DA:283,0
DA:285,0
DA:286,0
DA:291,1
DA:292,0
DA:295,1
DA:296,1
DA:297,1
DA:299,0
DA:300,0
DA:305,3
DA:306,0
DA:307,0
DA:310,3
DA:315,3
DA:316,4
DA:317,4
DA:318,4
DA:319,3
DA:321,1
DA:324,0
DA:325,0
DA:329,3
DA:333,0
DA:334,0
DA:335,0
DA:336,0
DA:339,0
DA:344,0
DA:345,0
DA:346,0
DA:347,0
DA:348,0
DA:350,0
DA:353,0
DA:354,0
DA:358,0
DA:361,0
DA:366,0
DA:367,0
DA:368,0
DA:369,0
DA:371,0
DA:375,0
DA:376,0
DA:377,0
DA:378,0
DA:379,0
DA:381,0
DA:384,0
DA:385,0
DA:389,0
DA:393,0
DA:394,0
DA:395,0
DA:398,0
DA:399,0
DA:400,0
DA:401,0
DA:404,0
DA:405,0
DA:406,0
DA:408,0
DA:411,0
DA:412,0
DA:417,10
DA:418,0
DA:419,0
DA:422,10
DA:423,10
DA:424,10
DA:425,1
DA:428,0
DA:429,0
DA:434,1
DA:435,0
DA:436,0
DA:439,1
DA:440,1
DA:441,1
DA:442,3
DA:445,0
DA:446,0
LF:211
LH:113
BRDA:34,0,0,0
BRDA:34,0,1,17
BRDA:57,1,0,17
BRDA:63,2,0,17
BRDA:63,2,1,0
BRDA:63,3,0,17
BRDA:63,3,1,17
BRDA:71,4,0,0
BRDA:71,4,1,6
BRDA:76,5,0,1
BRDA:76,5,1,5
BRDA:78,6,0,1
BRDA:78,6,1,0
BRDA:90,7,0,1
BRDA:90,7,1,4
BRDA:99,8,0,5
BRDA:99,8,1,0
BRDA:102,9,0,2
BRDA:102,9,1,2
BRDA:106,10,0,1
BRDA:106,10,1,3
BRDA:126,11,0,3
BRDA:126,11,1,0
BRDA:130,12,0,0
BRDA:130,12,1,17
BRDA:138,13,0,0
BRDA:138,13,1,17
BRDA:138,14,0,17
BRDA:138,14,1,17
BRDA:145,15,0,1
BRDA:145,15,1,16
BRDA:145,16,0,17
BRDA:145,16,1,16
BRDA:145,16,2,16
BRDA:145,16,3,16
BRDA:145,16,4,16
BRDA:145,16,5,16
BRDA:157,17,0,10
BRDA:157,17,1,6
BRDA:159,18,0,0
BRDA:159,18,1,10
BRDA:164,19,0,3
BRDA:164,19,1,3
BRDA:169,20,0,0
BRDA:169,20,1,3
BRDA:173,21,0,0
BRDA:173,21,1,3
BRDA:178,22,0,2
BRDA:178,22,1,1
BRDA:178,23,0,3
BRDA:178,23,1,3
BRDA:183,24,0,1
BRDA:183,24,1,4
BRDA:193,25,0,0
BRDA:193,25,1,4
BRDA:197,26,0,0
BRDA:197,26,1,4
BRDA:213,27,0,1
BRDA:213,27,1,21
BRDA:223,28,0,14
BRDA:223,28,1,2
BRDA:239,29,0,0
BRDA:239,29,1,0
BRDA:254,30,0,0
BRDA:254,30,1,0
BRDA:259,31,0,0
BRDA:259,31,1,0
BRDA:266,32,0,0
BRDA:266,32,1,0
BRDA:291,33,0,0
BRDA:291,33,1,1
BRDA:305,34,0,0
BRDA:305,34,1,3
BRDA:318,35,0,3
BRDA:318,35,1,1
BRDA:318,36,0,4
BRDA:318,36,1,4
BRDA:321,37,0,1
BRDA:321,37,1,0
BRDA:332,38,0,0
BRDA:333,39,0,0
BRDA:333,39,1,0
BRDA:334,40,0,0
BRDA:334,40,1,0
BRDA:347,41,0,0
BRDA:347,41,1,0
BRDA:347,42,0,0
BRDA:347,42,1,0
BRDA:350,43,0,0
BRDA:350,43,1,0
BRDA:366,44,0,0
BRDA:366,44,1,0
BRDA:378,45,0,0
BRDA:378,45,1,0
BRDA:378,46,0,0
BRDA:378,46,1,0
BRDA:381,47,0,0
BRDA:381,47,1,0
BRDA:393,48,0,0
BRDA:393,48,1,0
BRDA:400,49,0,0
BRDA:400,49,1,0
BRDA:400,50,0,0
BRDA:400,50,1,0
BRDA:401,51,0,0
BRDA:401,51,1,0
BRDA:405,52,0,0
BRDA:405,52,1,0
BRDA:405,53,0,0
BRDA:405,53,1,0
BRDA:408,54,0,0
BRDA:408,54,1,0
BRDA:417,55,0,0
BRDA:417,55,1,10
BRDA:434,56,0,0
BRDA:434,56,1,1
BRF:116
BRH:57
end_of_record
TN:
SF:src/utils/webNotifications.js
FN:6,requestWebNotificationPermission
FN:20,getWebNotificationPermissionStatus
FN:28,showWebNotification
FN:43,(anonymous_3)
FN:54,scheduleWebNotification
FN:80,(anonymous_5)
FN:99,cancelWebNotifications
FN:107,(anonymous_7)
FN:120,cancelAllWebNotifications
FN:134,getScheduledWebNotifications
FN:140,(anonymous_10)
FN:145,initializeWebNotifications
FN:155,restoreScheduledNotifications
FN:159,(anonymous_13)
FN:163,(anonymous_14)
FN:184,cleanupExpiredNotifications
FN:189,(anonymous_16)
FN:199,getStoredScheduledNotifications
FNF:18
FNH:13
FNDA:5,requestWebNotificationPermission
FNDA:3,getWebNotificationPermissionStatus
FNDA:3,showWebNotification
FNDA:0,(anonymous_3)
FNDA:3,scheduleWebNotification
FNDA:0,(anonymous_5)
FNDA:3,cancelWebNotifications
FNDA:3,(anonymous_7)
FNDA:2,cancelAllWebNotifications
FNDA:3,getScheduledWebNotifications
FNDA:4,(anonymous_10)
FNDA:2,initializeWebNotifications
FNDA:1,restoreScheduledNotifications
FNDA:0,(anonymous_13)
FNDA:0,(anonymous_14)
FNDA:1,cleanupExpiredNotifications
FNDA:0,(anonymous_16)
FNDA:8,getStoredScheduledNotifications
DA:3,6
DA:7,5
DA:8,2
DA:11,3
DA:12,3
DA:13,3
DA:15,0
DA:16,0
DA:21,3
DA:22,2
DA:25,1
DA:29,3
DA:30,2
DA:33,1
DA:34,1
DA:43,1
DA:44,0
DA:47,1
DA:49,0
DA:50,0
DA:55,3
DA:56,1
DA:59,2
DA:60,2
DA:61,2
DA:63,2
DA:64,1
DA:65,1
DA:68,1
DA:70,1
DA:71,1
DA:78,1
DA:80,1
DA:81,0
DA:82,0
DA:83,0
DA:89,0
DA:90,0
DA:94,1
DA:96,1
DA:100,3
DA:101,1
DA:104,2
DA:105,2
DA:107,2
DA:108,3
DA:109,2
DA:110,2
DA:114,2
DA:116,2
DA:117,2
DA:121,2
DA:122,1
DA:125,1
DA:126,1
DA:128,1
DA:130,1
DA:131,1
DA:135,3
DA:136,1
DA:139,2
DA:140,2
DA:141,4
DA:146,2
DA:147,1
DA:150,1
DA:152,1
DA:156,1
DA:157,1
DA:159,1
DA:160,0
DA:162,0
DA:163,0
DA:164,0
DA:165,0
DA:166,0
DA:172,0
DA:173,0
DA:177,0
DA:181,1
DA:185,1
DA:186,1
DA:187,1
DA:189,1
DA:190,0
DA:191,0
DA:192,0
DA:196,1
DA:200,8
DA:201,8
DA:202,8
DA:204,0
DA:205,0
LF:93
LH:69
BRDA:7,0,0,2
BRDA:7,0,1,3
BRDA:7,1,0,5
BRDA:7,1,1,4
BRDA:13,2,0,2
BRDA:13,2,1,1
BRDA:21,3,0,2
BRDA:21,3,1,1
BRDA:21,4,0,3
BRDA:21,4,1,2
BRDA:28,5,0,2
BRDA:29,6,0,2
BRDA:29,6,1,1
BRDA:29,7,0,3
BRDA:29,7,1,2
BRDA:29,7,2,2
BRDA:55,8,0,1
BRDA:55,8,1,2
BRDA:63,9,0,1
BRDA:63,9,1,1
BRDA:82,10,0,0
BRDA:82,10,1,0
BRDA:100,11,0,1
BRDA:100,11,1,2
BRDA:108,12,0,2
BRDA:108,12,1,1
BRDA:121,13,0,1
BRDA:121,13,1,1
BRDA:135,14,0,1
BRDA:135,14,1,2
BRDA:141,15,0,4
BRDA:141,15,1,2
BRDA:146,16,0,1
BRDA:146,16,1,1
BRDA:162,17,0,0
BRDA:162,17,1,0
BRDA:165,18,0,0
BRDA:165,18,1,0
BRDA:191,19,0,0
BRDA:191,19,1,0
BRDA:202,20,0,6
BRDA:202,20,1,2
BRF:42
BRH:34
end_of_record
